CRITICAL - 2021-07-17 13:18:08 --> MySQL server has gone away
#0 G:\Shared drives\ProjectData\Vyapaar\vendor\codeigniter4\framework\system\Database\MySQLi\Connection.php(331): mysqli->query('SELECT *\nFROM `...')
#1 G:\Shared drives\ProjectData\Vyapaar\vendor\codeigniter4\framework\system\Database\BaseConnection.php(741): CodeIgniter\Database\MySQLi\Connection->execute('SELECT *\nFROM `...')
#2 G:\Shared drives\ProjectData\Vyapaar\vendor\codeigniter4\framework\system\Database\BaseConnection.php(669): CodeIgniter\Database\BaseConnection->simpleQuery('SELECT *\nFROM `...')
#3 G:\Shared drives\ProjectData\Vyapaar\vendor\codeigniter4\framework\system\Database\BaseBuilder.php(1860): CodeIgniter\Database\BaseConnection->query('SELECT *\nFROM `...', Array, false)
#4 G:\Shared drives\ProjectData\Vyapaar\app\Helpers\db_helper.php(171): CodeIgniter\Database\BaseBuilder->get()
#5 G:\Shared drives\ProjectData\Vyapaar\app\Controllers\vendor\Vendor.php(73): get_dbdata(Array)
#6 G:\Shared drives\ProjectData\Vyapaar\vendor\codeigniter4\framework\system\CodeIgniter.php(918): App\Controllers\vendor\Vendor->home()
#7 G:\Shared drives\ProjectData\Vyapaar\vendor\codeigniter4\framework\system\CodeIgniter.php(404): CodeIgniter\CodeIgniter->runController(Object(App\Controllers\vendor\Vendor))
#8 G:\Shared drives\ProjectData\Vyapaar\vendor\codeigniter4\framework\system\CodeIgniter.php(312): CodeIgniter\CodeIgniter->handleRequest(NULL, Object(Config\Cache), false)
#9 G:\Shared drives\ProjectData\Vyapaar\public\index.php(45): CodeIgniter\CodeIgniter->run()
#10 {main}
CRITICAL - 2021-07-17 13:24:19 --> Undefined variable: main_cat
#0 G:\Shared drives\ProjectData\Vyapaar\app\Views\vendor\leads\leads.php(193): CodeIgniter\Debug\Exceptions->errorHandler(8, 'Undefined varia...', 'G:\\Shared drive...', 193, Array)
#1 G:\Shared drives\ProjectData\Vyapaar\vendor\codeigniter4\framework\system\View\View.php(246): include('G:\\Shared drive...')
#2 G:\Shared drives\ProjectData\Vyapaar\vendor\codeigniter4\framework\system\Common.php(1119): CodeIgniter\View\View->render('vendor/leads/le...', Array, true)
#3 G:\Shared drives\ProjectData\Vyapaar\app\Controllers\vendor\Vendor.php(197): view('vendor/leads/le...', Array)
#4 G:\Shared drives\ProjectData\Vyapaar\vendor\codeigniter4\framework\system\CodeIgniter.php(918): App\Controllers\vendor\Vendor->leads()
#5 G:\Shared drives\ProjectData\Vyapaar\vendor\codeigniter4\framework\system\CodeIgniter.php(404): CodeIgniter\CodeIgniter->runController(Object(App\Controllers\vendor\Vendor))
#6 G:\Shared drives\ProjectData\Vyapaar\vendor\codeigniter4\framework\system\CodeIgniter.php(312): CodeIgniter\CodeIgniter->handleRequest(NULL, Object(Config\Cache), false)
#7 G:\Shared drives\ProjectData\Vyapaar\public\index.php(45): CodeIgniter\CodeIgniter->run()
#8 {main}
CRITICAL - 2021-07-17 13:26:27 --> Undefined variable: main_cat
#0 G:\Shared drives\ProjectData\Vyapaar\app\Views\vendor\leads\lead_vendor.php(175): CodeIgniter\Debug\Exceptions->errorHandler(8, 'Undefined varia...', 'G:\\Shared drive...', 175, Array)
#1 G:\Shared drives\ProjectData\Vyapaar\vendor\codeigniter4\framework\system\View\View.php(246): include('G:\\Shared drive...')
#2 G:\Shared drives\ProjectData\Vyapaar\vendor\codeigniter4\framework\system\Common.php(1119): CodeIgniter\View\View->render('vendor/leads/le...', Array, true)
#3 G:\Shared drives\ProjectData\Vyapaar\app\Controllers\vendor\Vendor.php(197): view('vendor/leads/le...', Array)
#4 G:\Shared drives\ProjectData\Vyapaar\vendor\codeigniter4\framework\system\CodeIgniter.php(918): App\Controllers\vendor\Vendor->leads()
#5 G:\Shared drives\ProjectData\Vyapaar\vendor\codeigniter4\framework\system\CodeIgniter.php(404): CodeIgniter\CodeIgniter->runController(Object(App\Controllers\vendor\Vendor))
#6 G:\Shared drives\ProjectData\Vyapaar\vendor\codeigniter4\framework\system\CodeIgniter.php(312): CodeIgniter\CodeIgniter->handleRequest(NULL, Object(Config\Cache), false)
#7 G:\Shared drives\ProjectData\Vyapaar\public\index.php(45): CodeIgniter\CodeIgniter->run()
#8 {main}
CRITICAL - 2021-07-17 13:26:35 --> Invalid file: vendor/leads/lead.php
#0 G:\Shared drives\ProjectData\Vyapaar\vendor\codeigniter4\framework\system\View\View.php(228): CodeIgniter\Exceptions\FrameworkException::forInvalidFile('vendor/leads/le...')
#1 G:\Shared drives\ProjectData\Vyapaar\vendor\codeigniter4\framework\system\Common.php(1119): CodeIgniter\View\View->render('vendor/leads/le...', Array, true)
#2 G:\Shared drives\ProjectData\Vyapaar\app\Controllers\vendor\Vendor.php(197): view('vendor/leads/le...', Array)
#3 G:\Shared drives\ProjectData\Vyapaar\vendor\codeigniter4\framework\system\CodeIgniter.php(918): App\Controllers\vendor\Vendor->leads()
#4 G:\Shared drives\ProjectData\Vyapaar\vendor\codeigniter4\framework\system\CodeIgniter.php(404): CodeIgniter\CodeIgniter->runController(Object(App\Controllers\vendor\Vendor))
#5 G:\Shared drives\ProjectData\Vyapaar\vendor\codeigniter4\framework\system\CodeIgniter.php(312): CodeIgniter\CodeIgniter->handleRequest(NULL, Object(Config\Cache), false)
#6 G:\Shared drives\ProjectData\Vyapaar\public\index.php(45): CodeIgniter\CodeIgniter->run()
#7 {main}
CRITICAL - 2021-07-17 13:26:41 --> Invalid file: vendor/leads/lead.php
#0 G:\Shared drives\ProjectData\Vyapaar\vendor\codeigniter4\framework\system\View\View.php(228): CodeIgniter\Exceptions\FrameworkException::forInvalidFile('vendor/leads/le...')
#1 G:\Shared drives\ProjectData\Vyapaar\vendor\codeigniter4\framework\system\Common.php(1119): CodeIgniter\View\View->render('vendor/leads/le...', Array, true)
#2 G:\Shared drives\ProjectData\Vyapaar\app\Controllers\vendor\Vendor.php(197): view('vendor/leads/le...', Array)
#3 G:\Shared drives\ProjectData\Vyapaar\vendor\codeigniter4\framework\system\CodeIgniter.php(918): App\Controllers\vendor\Vendor->leads()
#4 G:\Shared drives\ProjectData\Vyapaar\vendor\codeigniter4\framework\system\CodeIgniter.php(404): CodeIgniter\CodeIgniter->runController(Object(App\Controllers\vendor\Vendor))
#5 G:\Shared drives\ProjectData\Vyapaar\vendor\codeigniter4\framework\system\CodeIgniter.php(312): CodeIgniter\CodeIgniter->handleRequest(NULL, Object(Config\Cache), false)
#6 G:\Shared drives\ProjectData\Vyapaar\public\index.php(45): CodeIgniter\CodeIgniter->run()
#7 {main}
CRITICAL - 2021-07-17 13:30:21 --> Undefined property: App\Controllers\vendor\Vendor::$categoriesModel
#0 G:\Shared drives\ProjectData\Vyapaar\app\Controllers\vendor\Vendor.php(196): CodeIgniter\Debug\Exceptions->errorHandler(8, 'Undefined prope...', 'G:\\Shared drive...', 196, Array)
#1 G:\Shared drives\ProjectData\Vyapaar\vendor\codeigniter4\framework\system\CodeIgniter.php(918): App\Controllers\vendor\Vendor->leads()
#2 G:\Shared drives\ProjectData\Vyapaar\vendor\codeigniter4\framework\system\CodeIgniter.php(404): CodeIgniter\CodeIgniter->runController(Object(App\Controllers\vendor\Vendor))
#3 G:\Shared drives\ProjectData\Vyapaar\vendor\codeigniter4\framework\system\CodeIgniter.php(312): CodeIgniter\CodeIgniter->handleRequest(NULL, Object(Config\Cache), false)
#4 G:\Shared drives\ProjectData\Vyapaar\public\index.php(45): CodeIgniter\CodeIgniter->run()
#5 {main}
CRITICAL - 2021-07-17 13:30:40 --> Undefined property: App\Controllers\vendor\Vendor::$categoriesModel
#0 G:\Shared drives\ProjectData\Vyapaar\app\Controllers\vendor\Vendor.php(196): CodeIgniter\Debug\Exceptions->errorHandler(8, 'Undefined prope...', 'G:\\Shared drive...', 196, Array)
#1 G:\Shared drives\ProjectData\Vyapaar\vendor\codeigniter4\framework\system\CodeIgniter.php(918): App\Controllers\vendor\Vendor->leads()
#2 G:\Shared drives\ProjectData\Vyapaar\vendor\codeigniter4\framework\system\CodeIgniter.php(404): CodeIgniter\CodeIgniter->runController(Object(App\Controllers\vendor\Vendor))
#3 G:\Shared drives\ProjectData\Vyapaar\vendor\codeigniter4\framework\system\CodeIgniter.php(312): CodeIgniter\CodeIgniter->handleRequest(NULL, Object(Config\Cache), false)
#4 G:\Shared drives\ProjectData\Vyapaar\public\index.php(45): CodeIgniter\CodeIgniter->run()
#5 {main}
CRITICAL - 2021-07-17 13:32:18 --> Invalid file: vendor/leads/leads_vendor.php
#0 G:\Shared drives\ProjectData\Vyapaar\vendor\codeigniter4\framework\system\View\View.php(228): CodeIgniter\Exceptions\FrameworkException::forInvalidFile('vendor/leads/le...')
#1 G:\Shared drives\ProjectData\Vyapaar\vendor\codeigniter4\framework\system\Common.php(1119): CodeIgniter\View\View->render('vendor/leads/le...', Array, true)
#2 G:\Shared drives\ProjectData\Vyapaar\app\Controllers\vendor\Vendor.php(201): view('vendor/leads/le...', Array)
#3 G:\Shared drives\ProjectData\Vyapaar\vendor\codeigniter4\framework\system\CodeIgniter.php(918): App\Controllers\vendor\Vendor->leads()
#4 G:\Shared drives\ProjectData\Vyapaar\vendor\codeigniter4\framework\system\CodeIgniter.php(404): CodeIgniter\CodeIgniter->runController(Object(App\Controllers\vendor\Vendor))
#5 G:\Shared drives\ProjectData\Vyapaar\vendor\codeigniter4\framework\system\CodeIgniter.php(312): CodeIgniter\CodeIgniter->handleRequest(NULL, Object(Config\Cache), false)
#6 G:\Shared drives\ProjectData\Vyapaar\public\index.php(45): CodeIgniter\CodeIgniter->run()
#7 {main}
CRITICAL - 2021-07-17 14:45:16 --> Column 'lead_customer_id' cannot be null
#0 G:\Shared drives\ProjectData\Vyapaar\vendor\codeigniter4\framework\system\Database\MySQLi\Connection.php(331): mysqli->query('INSERT INTO `tb...')
#1 G:\Shared drives\ProjectData\Vyapaar\vendor\codeigniter4\framework\system\Database\BaseConnection.php(741): CodeIgniter\Database\MySQLi\Connection->execute('INSERT INTO `tb...')
#2 G:\Shared drives\ProjectData\Vyapaar\vendor\codeigniter4\framework\system\Database\BaseConnection.php(669): CodeIgniter\Database\BaseConnection->simpleQuery('INSERT INTO `tb...')
#3 G:\Shared drives\ProjectData\Vyapaar\vendor\codeigniter4\framework\system\Database\BaseBuilder.php(2249): CodeIgniter\Database\BaseConnection->query('INSERT INTO `tb...', Array, false)
#4 G:\Shared drives\ProjectData\Vyapaar\app\Models\Leads_model.php(39): CodeIgniter\Database\BaseBuilder->insert(Array)
#5 G:\Shared drives\ProjectData\Vyapaar\app\Controllers\admin\Leads.php(135): App\Models\Leads_model->addLead(Array)
#6 G:\Shared drives\ProjectData\Vyapaar\vendor\codeigniter4\framework\system\CodeIgniter.php(918): App\Controllers\admin\Leads->addLeads()
#7 G:\Shared drives\ProjectData\Vyapaar\vendor\codeigniter4\framework\system\CodeIgniter.php(404): CodeIgniter\CodeIgniter->runController(Object(App\Controllers\admin\Leads))
#8 G:\Shared drives\ProjectData\Vyapaar\vendor\codeigniter4\framework\system\CodeIgniter.php(312): CodeIgniter\CodeIgniter->handleRequest(NULL, Object(Config\Cache), false)
#9 G:\Shared drives\ProjectData\Vyapaar\public\index.php(45): CodeIgniter\CodeIgniter->run()
#10 {main}
CRITICAL - 2021-07-17 14:45:24 --> Column 'lead_customer_id' cannot be null
#0 G:\Shared drives\ProjectData\Vyapaar\vendor\codeigniter4\framework\system\Database\MySQLi\Connection.php(331): mysqli->query('INSERT INTO `tb...')
#1 G:\Shared drives\ProjectData\Vyapaar\vendor\codeigniter4\framework\system\Database\BaseConnection.php(741): CodeIgniter\Database\MySQLi\Connection->execute('INSERT INTO `tb...')
#2 G:\Shared drives\ProjectData\Vyapaar\vendor\codeigniter4\framework\system\Database\BaseConnection.php(669): CodeIgniter\Database\BaseConnection->simpleQuery('INSERT INTO `tb...')
#3 G:\Shared drives\ProjectData\Vyapaar\vendor\codeigniter4\framework\system\Database\BaseBuilder.php(2249): CodeIgniter\Database\BaseConnection->query('INSERT INTO `tb...', Array, false)
#4 G:\Shared drives\ProjectData\Vyapaar\app\Models\Leads_model.php(39): CodeIgniter\Database\BaseBuilder->insert(Array)
#5 G:\Shared drives\ProjectData\Vyapaar\app\Controllers\admin\Leads.php(135): App\Models\Leads_model->addLead(Array)
#6 G:\Shared drives\ProjectData\Vyapaar\vendor\codeigniter4\framework\system\CodeIgniter.php(918): App\Controllers\admin\Leads->addLeads()
#7 G:\Shared drives\ProjectData\Vyapaar\vendor\codeigniter4\framework\system\CodeIgniter.php(404): CodeIgniter\CodeIgniter->runController(Object(App\Controllers\admin\Leads))
#8 G:\Shared drives\ProjectData\Vyapaar\vendor\codeigniter4\framework\system\CodeIgniter.php(312): CodeIgniter\CodeIgniter->handleRequest(NULL, Object(Config\Cache), false)
#9 G:\Shared drives\ProjectData\Vyapaar\public\index.php(45): CodeIgniter\CodeIgniter->run()
#10 {main}
CRITICAL - 2021-07-17 14:47:10 --> Column 'lead_customer_id' cannot be null
#0 G:\Shared drives\ProjectData\Vyapaar\vendor\codeigniter4\framework\system\Database\MySQLi\Connection.php(331): mysqli->query('INSERT INTO `tb...')
#1 G:\Shared drives\ProjectData\Vyapaar\vendor\codeigniter4\framework\system\Database\BaseConnection.php(741): CodeIgniter\Database\MySQLi\Connection->execute('INSERT INTO `tb...')
#2 G:\Shared drives\ProjectData\Vyapaar\vendor\codeigniter4\framework\system\Database\BaseConnection.php(669): CodeIgniter\Database\BaseConnection->simpleQuery('INSERT INTO `tb...')
#3 G:\Shared drives\ProjectData\Vyapaar\vendor\codeigniter4\framework\system\Database\BaseBuilder.php(2249): CodeIgniter\Database\BaseConnection->query('INSERT INTO `tb...', Array, false)
#4 G:\Shared drives\ProjectData\Vyapaar\app\Models\Leads_model.php(39): CodeIgniter\Database\BaseBuilder->insert(Array)
#5 G:\Shared drives\ProjectData\Vyapaar\app\Controllers\vendor\Vendor.php(392): App\Models\Leads_model->addLead(Array)
#6 G:\Shared drives\ProjectData\Vyapaar\vendor\codeigniter4\framework\system\CodeIgniter.php(918): App\Controllers\vendor\Vendor->addLeads()
#7 G:\Shared drives\ProjectData\Vyapaar\vendor\codeigniter4\framework\system\CodeIgniter.php(404): CodeIgniter\CodeIgniter->runController(Object(App\Controllers\vendor\Vendor))
#8 G:\Shared drives\ProjectData\Vyapaar\vendor\codeigniter4\framework\system\CodeIgniter.php(312): CodeIgniter\CodeIgniter->handleRequest(NULL, Object(Config\Cache), false)
#9 G:\Shared drives\ProjectData\Vyapaar\public\index.php(45): CodeIgniter\CodeIgniter->run()
#10 {main}
