CRITICAL - 2021-06-20 13:15:37 --> Undefined variable: result
#0 G:\Shared drives\ProjectData\Vyapaar\app\Helpers\db_helper.php(187): CodeIgniter\Debug\Exceptions->errorHandler(8, 'Undefined varia...', 'G:\\Shared drive...', 187, Array)
#1 G:\Shared drives\ProjectData\Vyapaar\app\Controllers\vendor\Vendor.php(95): get_dbdata(Array)
#2 G:\Shared drives\ProjectData\Vyapaar\vendor\codeigniter4\framework\system\CodeIgniter.php(918): App\Controllers\vendor\Vendor->home()
#3 G:\Shared drives\ProjectData\Vyapaar\vendor\codeigniter4\framework\system\CodeIgniter.php(404): CodeIgniter\CodeIgniter->runController(Object(App\Controllers\vendor\Vendor))
#4 G:\Shared drives\ProjectData\Vyapaar\vendor\codeigniter4\framework\system\CodeIgniter.php(312): CodeIgniter\CodeIgniter->handleRequest(NULL, Object(Config\Cache), false)
#5 G:\Shared drives\ProjectData\Vyapaar\public\index.php(45): CodeIgniter\CodeIgniter->run()
#6 {main}
CRITICAL - 2021-06-20 13:18:03 --> Undefined variable: result
#0 G:\Shared drives\ProjectData\Vyapaar\app\Helpers\db_helper.php(185): CodeIgniter\Debug\Exceptions->errorHandler(8, 'Undefined varia...', 'G:\\Shared drive...', 185, Array)
#1 G:\Shared drives\ProjectData\Vyapaar\app\Controllers\vendor\Vendor.php(95): get_dbdata(Array)
#2 G:\Shared drives\ProjectData\Vyapaar\vendor\codeigniter4\framework\system\CodeIgniter.php(918): App\Controllers\vendor\Vendor->home()
#3 G:\Shared drives\ProjectData\Vyapaar\vendor\codeigniter4\framework\system\CodeIgniter.php(404): CodeIgniter\CodeIgniter->runController(Object(App\Controllers\vendor\Vendor))
#4 G:\Shared drives\ProjectData\Vyapaar\vendor\codeigniter4\framework\system\CodeIgniter.php(312): CodeIgniter\CodeIgniter->handleRequest(NULL, Object(Config\Cache), false)
#5 G:\Shared drives\ProjectData\Vyapaar\public\index.php(45): CodeIgniter\CodeIgniter->run()
#6 {main}
CRITICAL - 2021-06-20 13:18:50 --> A non-numeric value encountered
#0 G:\Shared drives\ProjectData\Vyapaar\app\Views\vendor\dashboard\vendor_dashboard.php(68): CodeIgniter\Debug\Exceptions->errorHandler(2, 'A non-numeric v...', 'G:\\Shared drive...', 68, Array)
#1 G:\Shared drives\ProjectData\Vyapaar\vendor\codeigniter4\framework\system\View\View.php(246): include('G:\\Shared drive...')
#2 G:\Shared drives\ProjectData\Vyapaar\vendor\codeigniter4\framework\system\Common.php(1119): CodeIgniter\View\View->render('vendor/dashboar...', Array, true)
#3 G:\Shared drives\ProjectData\Vyapaar\app\Controllers\vendor\Vendor.php(110): view('vendor/dashboar...', Array)
#4 G:\Shared drives\ProjectData\Vyapaar\vendor\codeigniter4\framework\system\CodeIgniter.php(918): App\Controllers\vendor\Vendor->home()
#5 G:\Shared drives\ProjectData\Vyapaar\vendor\codeigniter4\framework\system\CodeIgniter.php(404): CodeIgniter\CodeIgniter->runController(Object(App\Controllers\vendor\Vendor))
#6 G:\Shared drives\ProjectData\Vyapaar\vendor\codeigniter4\framework\system\CodeIgniter.php(312): CodeIgniter\CodeIgniter->handleRequest(NULL, Object(Config\Cache), false)
#7 G:\Shared drives\ProjectData\Vyapaar\public\index.php(45): CodeIgniter\CodeIgniter->run()
#8 {main}
CRITICAL - 2021-06-20 13:19:20 --> Undefined variable: result
#0 G:\Shared drives\ProjectData\Vyapaar\app\Helpers\db_helper.php(185): CodeIgniter\Debug\Exceptions->errorHandler(8, 'Undefined varia...', 'G:\\Shared drive...', 185, Array)
#1 G:\Shared drives\ProjectData\Vyapaar\app\Controllers\vendor\Vendor.php(95): get_dbdata(Array)
#2 G:\Shared drives\ProjectData\Vyapaar\vendor\codeigniter4\framework\system\CodeIgniter.php(918): App\Controllers\vendor\Vendor->home()
#3 G:\Shared drives\ProjectData\Vyapaar\vendor\codeigniter4\framework\system\CodeIgniter.php(404): CodeIgniter\CodeIgniter->runController(Object(App\Controllers\vendor\Vendor))
#4 G:\Shared drives\ProjectData\Vyapaar\vendor\codeigniter4\framework\system\CodeIgniter.php(312): CodeIgniter\CodeIgniter->handleRequest(NULL, Object(Config\Cache), false)
#5 G:\Shared drives\ProjectData\Vyapaar\public\index.php(45): CodeIgniter\CodeIgniter->run()
#6 {main}
CRITICAL - 2021-06-20 13:54:43 --> Undefined variable: result
#0 G:\Shared drives\ProjectData\Vyapaar\app\Helpers\db_helper.php(184): CodeIgniter\Debug\Exceptions->errorHandler(8, 'Undefined varia...', 'G:\\Shared drive...', 184, Array)
#1 G:\Shared drives\ProjectData\Vyapaar\app\Controllers\vendor\Vendor.php(95): get_dbdata(Array)
#2 G:\Shared drives\ProjectData\Vyapaar\vendor\codeigniter4\framework\system\CodeIgniter.php(918): App\Controllers\vendor\Vendor->home()
#3 G:\Shared drives\ProjectData\Vyapaar\vendor\codeigniter4\framework\system\CodeIgniter.php(404): CodeIgniter\CodeIgniter->runController(Object(App\Controllers\vendor\Vendor))
#4 G:\Shared drives\ProjectData\Vyapaar\vendor\codeigniter4\framework\system\CodeIgniter.php(312): CodeIgniter\CodeIgniter->handleRequest(NULL, Object(Config\Cache), false)
#5 G:\Shared drives\ProjectData\Vyapaar\public\index.php(45): CodeIgniter\CodeIgniter->run()
#6 {main}
CRITICAL - 2021-06-20 13:55:04 --> Undefined variable: result
#0 G:\Shared drives\ProjectData\Vyapaar\app\Helpers\db_helper.php(184): CodeIgniter\Debug\Exceptions->errorHandler(8, 'Undefined varia...', 'G:\\Shared drive...', 184, Array)
#1 G:\Shared drives\ProjectData\Vyapaar\app\Controllers\vendor\Vendor.php(95): get_dbdata(Array)
#2 G:\Shared drives\ProjectData\Vyapaar\vendor\codeigniter4\framework\system\CodeIgniter.php(918): App\Controllers\vendor\Vendor->home()
#3 G:\Shared drives\ProjectData\Vyapaar\vendor\codeigniter4\framework\system\CodeIgniter.php(404): CodeIgniter\CodeIgniter->runController(Object(App\Controllers\vendor\Vendor))
#4 G:\Shared drives\ProjectData\Vyapaar\vendor\codeigniter4\framework\system\CodeIgniter.php(312): CodeIgniter\CodeIgniter->handleRequest(NULL, Object(Config\Cache), false)
#5 G:\Shared drives\ProjectData\Vyapaar\public\index.php(45): CodeIgniter\CodeIgniter->run()
#6 {main}
CRITICAL - 2021-06-20 15:15:09 --> Undefined variable: result
#0 G:\Shared drives\ProjectData\Vyapaar\app\Helpers\db_helper.php(184): CodeIgniter\Debug\Exceptions->errorHandler(8, 'Undefined varia...', 'G:\\Shared drive...', 184, Array)
#1 G:\Shared drives\ProjectData\Vyapaar\app\Controllers\vendor\Vendor.php(95): get_dbdata(Array)
#2 G:\Shared drives\ProjectData\Vyapaar\vendor\codeigniter4\framework\system\CodeIgniter.php(918): App\Controllers\vendor\Vendor->home()
#3 G:\Shared drives\ProjectData\Vyapaar\vendor\codeigniter4\framework\system\CodeIgniter.php(404): CodeIgniter\CodeIgniter->runController(Object(App\Controllers\vendor\Vendor))
#4 G:\Shared drives\ProjectData\Vyapaar\vendor\codeigniter4\framework\system\CodeIgniter.php(312): CodeIgniter\CodeIgniter->handleRequest(NULL, Object(Config\Cache), false)
#5 G:\Shared drives\ProjectData\Vyapaar\public\index.php(45): CodeIgniter\CodeIgniter->run()
#6 {main}
CRITICAL - 2021-06-20 15:15:32 --> Undefined variable: result
#0 G:\Shared drives\ProjectData\Vyapaar\app\Helpers\db_helper.php(184): CodeIgniter\Debug\Exceptions->errorHandler(8, 'Undefined varia...', 'G:\\Shared drive...', 184, Array)
#1 G:\Shared drives\ProjectData\Vyapaar\app\Controllers\vendor\Vendor.php(95): get_dbdata(Array)
#2 G:\Shared drives\ProjectData\Vyapaar\vendor\codeigniter4\framework\system\CodeIgniter.php(918): App\Controllers\vendor\Vendor->home()
#3 G:\Shared drives\ProjectData\Vyapaar\vendor\codeigniter4\framework\system\CodeIgniter.php(404): CodeIgniter\CodeIgniter->runController(Object(App\Controllers\vendor\Vendor))
#4 G:\Shared drives\ProjectData\Vyapaar\vendor\codeigniter4\framework\system\CodeIgniter.php(312): CodeIgniter\CodeIgniter->handleRequest(NULL, Object(Config\Cache), false)
#5 G:\Shared drives\ProjectData\Vyapaar\public\index.php(45): CodeIgniter\CodeIgniter->run()
#6 {main}
CRITICAL - 2021-06-20 15:18:19 --> Undefined variable: tlvendor
#0 G:\Shared drives\ProjectData\Vyapaar\app\Views\vendor\dashboard\vendor_dashboard.php(40): CodeIgniter\Debug\Exceptions->errorHandler(8, 'Undefined varia...', 'G:\\Shared drive...', 40, Array)
#1 G:\Shared drives\ProjectData\Vyapaar\vendor\codeigniter4\framework\system\View\View.php(246): include('G:\\Shared drive...')
#2 G:\Shared drives\ProjectData\Vyapaar\vendor\codeigniter4\framework\system\Common.php(1119): CodeIgniter\View\View->render('vendor/dashboar...', Array, true)
#3 G:\Shared drives\ProjectData\Vyapaar\app\Controllers\vendor\Vendor.php(110): view('vendor/dashboar...', Array)
#4 G:\Shared drives\ProjectData\Vyapaar\vendor\codeigniter4\framework\system\CodeIgniter.php(918): App\Controllers\vendor\Vendor->home()
#5 G:\Shared drives\ProjectData\Vyapaar\vendor\codeigniter4\framework\system\CodeIgniter.php(404): CodeIgniter\CodeIgniter->runController(Object(App\Controllers\vendor\Vendor))
#6 G:\Shared drives\ProjectData\Vyapaar\vendor\codeigniter4\framework\system\CodeIgniter.php(312): CodeIgniter\CodeIgniter->handleRequest(NULL, Object(Config\Cache), false)
#7 G:\Shared drives\ProjectData\Vyapaar\public\index.php(45): CodeIgniter\CodeIgniter->run()
#8 {main}
CRITICAL - 2021-06-20 15:37:58 --> Undefined variable: tlvendor
#0 G:\Shared drives\ProjectData\Vyapaar\app\Views\vendor\dashboard\vendor_dashboard.php(40): CodeIgniter\Debug\Exceptions->errorHandler(8, 'Undefined varia...', 'G:\\Shared drive...', 40, Array)
#1 G:\Shared drives\ProjectData\Vyapaar\vendor\codeigniter4\framework\system\View\View.php(246): include('G:\\Shared drive...')
#2 G:\Shared drives\ProjectData\Vyapaar\vendor\codeigniter4\framework\system\Common.php(1119): CodeIgniter\View\View->render('vendor/dashboar...', Array, true)
#3 G:\Shared drives\ProjectData\Vyapaar\app\Controllers\vendor\Vendor.php(110): view('vendor/dashboar...', Array)
#4 G:\Shared drives\ProjectData\Vyapaar\vendor\codeigniter4\framework\system\CodeIgniter.php(918): App\Controllers\vendor\Vendor->home()
#5 G:\Shared drives\ProjectData\Vyapaar\vendor\codeigniter4\framework\system\CodeIgniter.php(404): CodeIgniter\CodeIgniter->runController(Object(App\Controllers\vendor\Vendor))
#6 G:\Shared drives\ProjectData\Vyapaar\vendor\codeigniter4\framework\system\CodeIgniter.php(312): CodeIgniter\CodeIgniter->handleRequest(NULL, Object(Config\Cache), false)
#7 G:\Shared drives\ProjectData\Vyapaar\public\index.php(45): CodeIgniter\CodeIgniter->run()
#8 {main}
CRITICAL - 2021-06-20 15:49:01 --> Undefined variable: tlvendor
#0 G:\Shared drives\ProjectData\Vyapaar\app\Views\vendor\dashboard\vendor_dashboard.php(40): CodeIgniter\Debug\Exceptions->errorHandler(8, 'Undefined varia...', 'G:\\Shared drive...', 40, Array)
#1 G:\Shared drives\ProjectData\Vyapaar\vendor\codeigniter4\framework\system\View\View.php(246): include('G:\\Shared drive...')
#2 G:\Shared drives\ProjectData\Vyapaar\vendor\codeigniter4\framework\system\Common.php(1119): CodeIgniter\View\View->render('vendor/dashboar...', Array, true)
#3 G:\Shared drives\ProjectData\Vyapaar\app\Controllers\vendor\Vendor.php(147): view('vendor/dashboar...', Array)
#4 G:\Shared drives\ProjectData\Vyapaar\vendor\codeigniter4\framework\system\CodeIgniter.php(918): App\Controllers\vendor\Vendor->home()
#5 G:\Shared drives\ProjectData\Vyapaar\vendor\codeigniter4\framework\system\CodeIgniter.php(404): CodeIgniter\CodeIgniter->runController(Object(App\Controllers\vendor\Vendor))
#6 G:\Shared drives\ProjectData\Vyapaar\vendor\codeigniter4\framework\system\CodeIgniter.php(312): CodeIgniter\CodeIgniter->handleRequest(NULL, Object(Config\Cache), false)
#7 G:\Shared drives\ProjectData\Vyapaar\public\index.php(45): CodeIgniter\CodeIgniter->run()
#8 {main}
CRITICAL - 2021-06-20 22:30:36 --> Trying to access array offset on value of type int
#0 G:\Shared drives\ProjectData\Vyapaar\app\Controllers\admin\Leads.php(153): CodeIgniter\Debug\Exceptions->errorHandler(8, 'Trying to acces...', 'G:\\Shared drive...', 153, Array)
#1 G:\Shared drives\ProjectData\Vyapaar\vendor\codeigniter4\framework\system\CodeIgniter.php(918): App\Controllers\admin\Leads->addLeads()
#2 G:\Shared drives\ProjectData\Vyapaar\vendor\codeigniter4\framework\system\CodeIgniter.php(404): CodeIgniter\CodeIgniter->runController(Object(App\Controllers\admin\Leads))
#3 G:\Shared drives\ProjectData\Vyapaar\vendor\codeigniter4\framework\system\CodeIgniter.php(312): CodeIgniter\CodeIgniter->handleRequest(NULL, Object(Config\Cache), false)
#4 G:\Shared drives\ProjectData\Vyapaar\public\index.php(45): CodeIgniter\CodeIgniter->run()
#5 {main}
CRITICAL - 2021-06-20 22:30:43 --> Trying to access array offset on value of type int
#0 G:\Shared drives\ProjectData\Vyapaar\app\Controllers\admin\Leads.php(153): CodeIgniter\Debug\Exceptions->errorHandler(8, 'Trying to acces...', 'G:\\Shared drive...', 153, Array)
#1 G:\Shared drives\ProjectData\Vyapaar\vendor\codeigniter4\framework\system\CodeIgniter.php(918): App\Controllers\admin\Leads->addLeads()
#2 G:\Shared drives\ProjectData\Vyapaar\vendor\codeigniter4\framework\system\CodeIgniter.php(404): CodeIgniter\CodeIgniter->runController(Object(App\Controllers\admin\Leads))
#3 G:\Shared drives\ProjectData\Vyapaar\vendor\codeigniter4\framework\system\CodeIgniter.php(312): CodeIgniter\CodeIgniter->handleRequest(NULL, Object(Config\Cache), false)
#4 G:\Shared drives\ProjectData\Vyapaar\public\index.php(45): CodeIgniter\CodeIgniter->run()
#5 {main}
CRITICAL - 2021-06-20 22:30:50 --> Column 'lead_customer_id' cannot be null
#0 G:\Shared drives\ProjectData\Vyapaar\vendor\codeigniter4\framework\system\Database\MySQLi\Connection.php(331): mysqli->query('INSERT INTO `tb...')
#1 G:\Shared drives\ProjectData\Vyapaar\vendor\codeigniter4\framework\system\Database\BaseConnection.php(741): CodeIgniter\Database\MySQLi\Connection->execute('INSERT INTO `tb...')
#2 G:\Shared drives\ProjectData\Vyapaar\vendor\codeigniter4\framework\system\Database\BaseConnection.php(669): CodeIgniter\Database\BaseConnection->simpleQuery('INSERT INTO `tb...')
#3 G:\Shared drives\ProjectData\Vyapaar\vendor\codeigniter4\framework\system\Database\BaseBuilder.php(2249): CodeIgniter\Database\BaseConnection->query('INSERT INTO `tb...', Array, false)
#4 G:\Shared drives\ProjectData\Vyapaar\app\Models\Leads_model.php(39): CodeIgniter\Database\BaseBuilder->insert(Array)
#5 G:\Shared drives\ProjectData\Vyapaar\app\Controllers\admin\Leads.php(135): App\Models\Leads_model->addLead(Array)
#6 G:\Shared drives\ProjectData\Vyapaar\vendor\codeigniter4\framework\system\CodeIgniter.php(918): App\Controllers\admin\Leads->addLeads()
#7 G:\Shared drives\ProjectData\Vyapaar\vendor\codeigniter4\framework\system\CodeIgniter.php(404): CodeIgniter\CodeIgniter->runController(Object(App\Controllers\admin\Leads))
#8 G:\Shared drives\ProjectData\Vyapaar\vendor\codeigniter4\framework\system\CodeIgniter.php(312): CodeIgniter\CodeIgniter->handleRequest(NULL, Object(Config\Cache), false)
#9 G:\Shared drives\ProjectData\Vyapaar\public\index.php(45): CodeIgniter\CodeIgniter->run()
#10 {main}
CRITICAL - 2021-06-20 22:30:56 --> Trying to access array offset on value of type int
#0 G:\Shared drives\ProjectData\Vyapaar\app\Controllers\admin\Leads.php(153): CodeIgniter\Debug\Exceptions->errorHandler(8, 'Trying to acces...', 'G:\\Shared drive...', 153, Array)
#1 G:\Shared drives\ProjectData\Vyapaar\vendor\codeigniter4\framework\system\CodeIgniter.php(918): App\Controllers\admin\Leads->addLeads()
#2 G:\Shared drives\ProjectData\Vyapaar\vendor\codeigniter4\framework\system\CodeIgniter.php(404): CodeIgniter\CodeIgniter->runController(Object(App\Controllers\admin\Leads))
#3 G:\Shared drives\ProjectData\Vyapaar\vendor\codeigniter4\framework\system\CodeIgniter.php(312): CodeIgniter\CodeIgniter->handleRequest(NULL, Object(Config\Cache), false)
#4 G:\Shared drives\ProjectData\Vyapaar\public\index.php(45): CodeIgniter\CodeIgniter->run()
#5 {main}
CRITICAL - 2021-06-20 22:32:29 --> Trying to access array offset on value of type int
#0 G:\Shared drives\ProjectData\Vyapaar\app\Controllers\admin\Leads.php(158): CodeIgniter\Debug\Exceptions->errorHandler(8, 'Trying to acces...', 'G:\\Shared drive...', 158, Array)
#1 G:\Shared drives\ProjectData\Vyapaar\vendor\codeigniter4\framework\system\CodeIgniter.php(918): App\Controllers\admin\Leads->addLeads()
#2 G:\Shared drives\ProjectData\Vyapaar\vendor\codeigniter4\framework\system\CodeIgniter.php(404): CodeIgniter\CodeIgniter->runController(Object(App\Controllers\admin\Leads))
#3 G:\Shared drives\ProjectData\Vyapaar\vendor\codeigniter4\framework\system\CodeIgniter.php(312): CodeIgniter\CodeIgniter->handleRequest(NULL, Object(Config\Cache), false)
#4 G:\Shared drives\ProjectData\Vyapaar\public\index.php(45): CodeIgniter\CodeIgniter->run()
#5 {main}
CRITICAL - 2021-06-20 22:47:14 --> Undefined index: lead_customer_id
#0 G:\Shared drives\ProjectData\Vyapaar\app\Controllers\admin\Leads.php(143): CodeIgniter\Debug\Exceptions->errorHandler(8, 'Undefined index...', 'G:\\Shared drive...', 143, Array)
#1 G:\Shared drives\ProjectData\Vyapaar\vendor\codeigniter4\framework\system\CodeIgniter.php(918): App\Controllers\admin\Leads->addLeads()
#2 G:\Shared drives\ProjectData\Vyapaar\vendor\codeigniter4\framework\system\CodeIgniter.php(404): CodeIgniter\CodeIgniter->runController(Object(App\Controllers\admin\Leads))
#3 G:\Shared drives\ProjectData\Vyapaar\vendor\codeigniter4\framework\system\CodeIgniter.php(312): CodeIgniter\CodeIgniter->handleRequest(NULL, Object(Config\Cache), false)
#4 G:\Shared drives\ProjectData\Vyapaar\public\index.php(45): CodeIgniter\CodeIgniter->run()
#5 {main}
CRITICAL - 2021-06-20 22:47:25 --> Undefined index: lead_customer_id
#0 G:\Shared drives\ProjectData\Vyapaar\app\Controllers\admin\Leads.php(143): CodeIgniter\Debug\Exceptions->errorHandler(8, 'Undefined index...', 'G:\\Shared drive...', 143, Array)
#1 G:\Shared drives\ProjectData\Vyapaar\vendor\codeigniter4\framework\system\CodeIgniter.php(918): App\Controllers\admin\Leads->addLeads()
#2 G:\Shared drives\ProjectData\Vyapaar\vendor\codeigniter4\framework\system\CodeIgniter.php(404): CodeIgniter\CodeIgniter->runController(Object(App\Controllers\admin\Leads))
#3 G:\Shared drives\ProjectData\Vyapaar\vendor\codeigniter4\framework\system\CodeIgniter.php(312): CodeIgniter\CodeIgniter->handleRequest(NULL, Object(Config\Cache), false)
#4 G:\Shared drives\ProjectData\Vyapaar\public\index.php(45): CodeIgniter\CodeIgniter->run()
#5 {main}
CRITICAL - 2021-06-20 22:48:46 --> Undefined index: lead_customer_id
#0 G:\Shared drives\ProjectData\Vyapaar\app\Controllers\admin\Leads.php(142): CodeIgniter\Debug\Exceptions->errorHandler(8, 'Undefined index...', 'G:\\Shared drive...', 142, Array)
#1 G:\Shared drives\ProjectData\Vyapaar\vendor\codeigniter4\framework\system\CodeIgniter.php(918): App\Controllers\admin\Leads->addLeads()
#2 G:\Shared drives\ProjectData\Vyapaar\vendor\codeigniter4\framework\system\CodeIgniter.php(404): CodeIgniter\CodeIgniter->runController(Object(App\Controllers\admin\Leads))
#3 G:\Shared drives\ProjectData\Vyapaar\vendor\codeigniter4\framework\system\CodeIgniter.php(312): CodeIgniter\CodeIgniter->handleRequest(NULL, Object(Config\Cache), false)
#4 G:\Shared drives\ProjectData\Vyapaar\public\index.php(45): CodeIgniter\CodeIgniter->run()
#5 {main}
CRITICAL - 2021-06-20 22:49:42 --> Undefined index: lead_customer_id
#0 G:\Shared drives\ProjectData\Vyapaar\app\Controllers\admin\Leads.php(142): CodeIgniter\Debug\Exceptions->errorHandler(8, 'Undefined index...', 'G:\\Shared drive...', 142, Array)
#1 G:\Shared drives\ProjectData\Vyapaar\vendor\codeigniter4\framework\system\CodeIgniter.php(918): App\Controllers\admin\Leads->addLeads()
#2 G:\Shared drives\ProjectData\Vyapaar\vendor\codeigniter4\framework\system\CodeIgniter.php(404): CodeIgniter\CodeIgniter->runController(Object(App\Controllers\admin\Leads))
#3 G:\Shared drives\ProjectData\Vyapaar\vendor\codeigniter4\framework\system\CodeIgniter.php(312): CodeIgniter\CodeIgniter->handleRequest(NULL, Object(Config\Cache), false)
#4 G:\Shared drives\ProjectData\Vyapaar\public\index.php(45): CodeIgniter\CodeIgniter->run()
#5 {main}
CRITICAL - 2021-06-20 22:55:57 --> Undefined property: App\Controllers\admin\Leads::$db
#0 G:\Shared drives\ProjectData\Vyapaar\app\Controllers\admin\Leads.php(136): CodeIgniter\Debug\Exceptions->errorHandler(8, 'Undefined prope...', 'G:\\Shared drive...', 136, Array)
#1 G:\Shared drives\ProjectData\Vyapaar\vendor\codeigniter4\framework\system\CodeIgniter.php(918): App\Controllers\admin\Leads->addLeads()
#2 G:\Shared drives\ProjectData\Vyapaar\vendor\codeigniter4\framework\system\CodeIgniter.php(404): CodeIgniter\CodeIgniter->runController(Object(App\Controllers\admin\Leads))
#3 G:\Shared drives\ProjectData\Vyapaar\vendor\codeigniter4\framework\system\CodeIgniter.php(312): CodeIgniter\CodeIgniter->handleRequest(NULL, Object(Config\Cache), false)
#4 G:\Shared drives\ProjectData\Vyapaar\public\index.php(45): CodeIgniter\CodeIgniter->run()
#5 {main}
CRITICAL - 2021-06-20 22:58:33 --> Illegal string offset 'customer_name'
#0 G:\Shared drives\ProjectData\Vyapaar\app\Controllers\admin\Leads.php(136): CodeIgniter\Debug\Exceptions->errorHandler(2, 'Illegal string ...', 'G:\\Shared drive...', 136, Array)
#1 G:\Shared drives\ProjectData\Vyapaar\vendor\codeigniter4\framework\system\CodeIgniter.php(918): App\Controllers\admin\Leads->addLeads()
#2 G:\Shared drives\ProjectData\Vyapaar\vendor\codeigniter4\framework\system\CodeIgniter.php(404): CodeIgniter\CodeIgniter->runController(Object(App\Controllers\admin\Leads))
#3 G:\Shared drives\ProjectData\Vyapaar\vendor\codeigniter4\framework\system\CodeIgniter.php(312): CodeIgniter\CodeIgniter->handleRequest(NULL, Object(Config\Cache), false)
#4 G:\Shared drives\ProjectData\Vyapaar\public\index.php(45): CodeIgniter\CodeIgniter->run()
#5 {main}
