CRITICAL - 2021-05-29 12:01:35 --> Division by zero
#0 /home/vyapaar/crm.vyapaar.net/app/Views/admin/leads/leadDetails.php(125): CodeIgniter\Debug\Exceptions->errorHandler(2, 'Division by zer...', '/home/vyapaar/c...', 125, Array)
#1 /home/vyapaar/crm.vyapaar.net/vendor/codeigniter4/framework/system/View/View.php(246): include('/home/vyapaar/c...')
#2 /home/vyapaar/crm.vyapaar.net/vendor/codeigniter4/framework/system/Common.php(1119): CodeIgniter\View\View->render('admin/leads/lea...', Array, true)
#3 /home/vyapaar/crm.vyapaar.net/app/Controllers/admin/Leads.php(266): view('admin/leads/lea...', Array)
#4 /home/vyapaar/crm.vyapaar.net/vendor/codeigniter4/framework/system/CodeIgniter.php(918): App\Controllers\admin\Leads->leadsDetails('6860')
#5 /home/vyapaar/crm.vyapaar.net/vendor/codeigniter4/framework/system/CodeIgniter.php(404): CodeIgniter\CodeIgniter->runController(Object(App\Controllers\admin\Leads))
#6 /home/vyapaar/crm.vyapaar.net/vendor/codeigniter4/framework/system/CodeIgniter.php(312): CodeIgniter\CodeIgniter->handleRequest(NULL, Object(Config\Cache), false)
#7 /home/vyapaar/crm.vyapaar.net/public/index.php(45): CodeIgniter\CodeIgniter->run()
#8 {main}
CRITICAL - 2021-05-29 12:01:42 --> Division by zero
#0 /home/vyapaar/crm.vyapaar.net/app/Views/admin/leads/leadDetails.php(125): CodeIgniter\Debug\Exceptions->errorHandler(2, 'Division by zer...', '/home/vyapaar/c...', 125, Array)
#1 /home/vyapaar/crm.vyapaar.net/vendor/codeigniter4/framework/system/View/View.php(246): include('/home/vyapaar/c...')
#2 /home/vyapaar/crm.vyapaar.net/vendor/codeigniter4/framework/system/Common.php(1119): CodeIgniter\View\View->render('admin/leads/lea...', Array, true)
#3 /home/vyapaar/crm.vyapaar.net/app/Controllers/admin/Leads.php(266): view('admin/leads/lea...', Array)
#4 /home/vyapaar/crm.vyapaar.net/vendor/codeigniter4/framework/system/CodeIgniter.php(918): App\Controllers\admin\Leads->leadsDetails('6860')
#5 /home/vyapaar/crm.vyapaar.net/vendor/codeigniter4/framework/system/CodeIgniter.php(404): CodeIgniter\CodeIgniter->runController(Object(App\Controllers\admin\Leads))
#6 /home/vyapaar/crm.vyapaar.net/vendor/codeigniter4/framework/system/CodeIgniter.php(312): CodeIgniter\CodeIgniter->handleRequest(NULL, Object(Config\Cache), false)
#7 /home/vyapaar/crm.vyapaar.net/public/index.php(45): CodeIgniter\CodeIgniter->run()
#8 {main}
