CRITICAL - 2021-01-27 12:35:01 --> Undefined index: svm_id
#0 /opt/lampp/htdocs/SystemManager/app/Controllers/admin/Product.php(49): CodeIgniter\Debug\Exceptions->errorHandler(8, 'Undefined index...', '/opt/lampp/htdo...', 49, Array)
#1 /opt/lampp/htdocs/SystemManager/vendor/codeigniter4/framework/system/CodeIgniter.php(918): App\Controllers\admin\Product->productList()
#2 /opt/lampp/htdocs/SystemManager/vendor/codeigniter4/framework/system/CodeIgniter.php(404): CodeIgniter\CodeIgniter->runController(Object(App\Controllers\admin\Product))
#3 /opt/lampp/htdocs/SystemManager/vendor/codeigniter4/framework/system/CodeIgniter.php(312): CodeIgniter\CodeIgniter->handleRequest(NULL, Object(Config\Cache), false)
#4 /opt/lampp/htdocs/SystemManager/public/index.php(45): CodeIgniter\CodeIgniter->run()
#5 {main}
CRITICAL - 2021-01-27 12:35:17 --> Undefined index: svm_id
#0 /opt/lampp/htdocs/SystemManager/app/Controllers/admin/Product.php(49): CodeIgniter\Debug\Exceptions->errorHandler(8, 'Undefined index...', '/opt/lampp/htdo...', 49, Array)
#1 /opt/lampp/htdocs/SystemManager/vendor/codeigniter4/framework/system/CodeIgniter.php(918): App\Controllers\admin\Product->productList()
#2 /opt/lampp/htdocs/SystemManager/vendor/codeigniter4/framework/system/CodeIgniter.php(404): CodeIgniter\CodeIgniter->runController(Object(App\Controllers\admin\Product))
#3 /opt/lampp/htdocs/SystemManager/vendor/codeigniter4/framework/system/CodeIgniter.php(312): CodeIgniter\CodeIgniter->handleRequest(NULL, Object(Config\Cache), false)
#4 /opt/lampp/htdocs/SystemManager/public/index.php(45): CodeIgniter\CodeIgniter->run()
#5 {main}
CRITICAL - 2021-01-27 12:40:20 --> Undefined index: svm_slug
#0 /opt/lampp/htdocs/SystemManager/app/Controllers/admin/Product.php(52): CodeIgniter\Debug\Exceptions->errorHandler(8, 'Undefined index...', '/opt/lampp/htdo...', 52, Array)
#1 /opt/lampp/htdocs/SystemManager/vendor/codeigniter4/framework/system/CodeIgniter.php(918): App\Controllers\admin\Product->productList()
#2 /opt/lampp/htdocs/SystemManager/vendor/codeigniter4/framework/system/CodeIgniter.php(404): CodeIgniter\CodeIgniter->runController(Object(App\Controllers\admin\Product))
#3 /opt/lampp/htdocs/SystemManager/vendor/codeigniter4/framework/system/CodeIgniter.php(312): CodeIgniter\CodeIgniter->handleRequest(NULL, Object(Config\Cache), false)
#4 /opt/lampp/htdocs/SystemManager/public/index.php(45): CodeIgniter\CodeIgniter->run()
#5 {main}
CRITICAL - 2021-01-27 12:40:26 --> Undefined index: svm_slug
#0 /opt/lampp/htdocs/SystemManager/app/Controllers/admin/Product.php(52): CodeIgniter\Debug\Exceptions->errorHandler(8, 'Undefined index...', '/opt/lampp/htdo...', 52, Array)
#1 /opt/lampp/htdocs/SystemManager/vendor/codeigniter4/framework/system/CodeIgniter.php(918): App\Controllers\admin\Product->productList()
#2 /opt/lampp/htdocs/SystemManager/vendor/codeigniter4/framework/system/CodeIgniter.php(404): CodeIgniter\CodeIgniter->runController(Object(App\Controllers\admin\Product))
#3 /opt/lampp/htdocs/SystemManager/vendor/codeigniter4/framework/system/CodeIgniter.php(312): CodeIgniter\CodeIgniter->handleRequest(NULL, Object(Config\Cache), false)
#4 /opt/lampp/htdocs/SystemManager/public/index.php(45): CodeIgniter\CodeIgniter->run()
#5 {main}
CRITICAL - 2021-01-27 15:13:41 --> Undefined index: svm_slug
#0 /opt/lampp/htdocs/SystemManager/app/Controllers/admin/Product.php(53): CodeIgniter\Debug\Exceptions->errorHandler(8, 'Undefined index...', '/opt/lampp/htdo...', 53, Array)
#1 /opt/lampp/htdocs/SystemManager/vendor/codeigniter4/framework/system/CodeIgniter.php(918): App\Controllers\admin\Product->productList()
#2 /opt/lampp/htdocs/SystemManager/vendor/codeigniter4/framework/system/CodeIgniter.php(404): CodeIgniter\CodeIgniter->runController(Object(App\Controllers\admin\Product))
#3 /opt/lampp/htdocs/SystemManager/vendor/codeigniter4/framework/system/CodeIgniter.php(312): CodeIgniter\CodeIgniter->handleRequest(NULL, Object(Config\Cache), false)
#4 /opt/lampp/htdocs/SystemManager/public/index.php(45): CodeIgniter\CodeIgniter->run()
#5 {main}
