CRITICAL - 2021-02-17 15:37:55 --> Class 'App\Models\Leadsmeta_model' not found
#0 /opt/lampp/htdocs/SystemManager/vendor/codeigniter4/framework/system/CodeIgniter.php(890): App\Controllers\admin\Leads->__construct()
#1 /opt/lampp/htdocs/SystemManager/vendor/codeigniter4/framework/system/CodeIgniter.php(399): CodeIgniter\CodeIgniter->createController()
#2 /opt/lampp/htdocs/SystemManager/vendor/codeigniter4/framework/system/CodeIgniter.php(312): CodeIgniter\CodeIgniter->handleRequest(NULL, Object(Config\Cache), false)
#3 /opt/lampp/htdocs/SystemManager/public/index.php(45): CodeIgniter\CodeIgniter->run()
#4 {main}
CRITICAL - 2021-02-17 15:38:34 --> Class 'App\Models\Leadsmeta_model' not found
#0 /opt/lampp/htdocs/SystemManager/vendor/codeigniter4/framework/system/CodeIgniter.php(890): App\Controllers\admin\Leads->__construct()
#1 /opt/lampp/htdocs/SystemManager/vendor/codeigniter4/framework/system/CodeIgniter.php(399): CodeIgniter\CodeIgniter->createController()
#2 /opt/lampp/htdocs/SystemManager/vendor/codeigniter4/framework/system/CodeIgniter.php(312): CodeIgniter\CodeIgniter->handleRequest(NULL, Object(Config\Cache), false)
#3 /opt/lampp/htdocs/SystemManager/public/index.php(45): CodeIgniter\CodeIgniter->run()
#4 {main}
CRITICAL - 2021-02-17 15:39:05 --> Class 'App\Controllers\admin\Leadsmeta_model' not found
#0 /opt/lampp/htdocs/SystemManager/vendor/codeigniter4/framework/system/CodeIgniter.php(890): App\Controllers\admin\Leads->__construct()
#1 /opt/lampp/htdocs/SystemManager/vendor/codeigniter4/framework/system/CodeIgniter.php(399): CodeIgniter\CodeIgniter->createController()
#2 /opt/lampp/htdocs/SystemManager/vendor/codeigniter4/framework/system/CodeIgniter.php(312): CodeIgniter\CodeIgniter->handleRequest(NULL, Object(Config\Cache), false)
#3 /opt/lampp/htdocs/SystemManager/public/index.php(45): CodeIgniter\CodeIgniter->run()
#4 {main}
CRITICAL - 2021-02-17 16:11:41 --> Cannot use object of type stdClass as array
#0 /opt/lampp/htdocs/SystemManager/vendor/codeigniter4/framework/system/CodeIgniter.php(918): App\Controllers\admin\Leads->leadsDetails('1')
#1 /opt/lampp/htdocs/SystemManager/vendor/codeigniter4/framework/system/CodeIgniter.php(404): CodeIgniter\CodeIgniter->runController(Object(App\Controllers\admin\Leads))
#2 /opt/lampp/htdocs/SystemManager/vendor/codeigniter4/framework/system/CodeIgniter.php(312): CodeIgniter\CodeIgniter->handleRequest(NULL, Object(Config\Cache), false)
#3 /opt/lampp/htdocs/SystemManager/public/index.php(45): CodeIgniter\CodeIgniter->run()
#4 {main}
CRITICAL - 2021-02-17 16:12:09 --> Cannot use object of type stdClass as array
#0 /opt/lampp/htdocs/SystemManager/vendor/codeigniter4/framework/system/View/View.php(246): include()
#1 /opt/lampp/htdocs/SystemManager/vendor/codeigniter4/framework/system/Common.php(1119): CodeIgniter\View\View->render('admin/Leads/lea...', Array, true)
#2 /opt/lampp/htdocs/SystemManager/app/Controllers/admin/Leads.php(248): view('admin/Leads/lea...', Array)
#3 /opt/lampp/htdocs/SystemManager/vendor/codeigniter4/framework/system/CodeIgniter.php(918): App\Controllers\admin\Leads->leadsDetails('1')
#4 /opt/lampp/htdocs/SystemManager/vendor/codeigniter4/framework/system/CodeIgniter.php(404): CodeIgniter\CodeIgniter->runController(Object(App\Controllers\admin\Leads))
#5 /opt/lampp/htdocs/SystemManager/vendor/codeigniter4/framework/system/CodeIgniter.php(312): CodeIgniter\CodeIgniter->handleRequest(NULL, Object(Config\Cache), false)
#6 /opt/lampp/htdocs/SystemManager/public/index.php(45): CodeIgniter\CodeIgniter->run()
#7 {main}
