CRITICAL - 2021-07-31 14:03:36 --> Invalid file: admin/leadstatus/leadsource.php
#0 G:\Shared drives\ProjectData\ProjectSite\Vyapaar\vendor\codeigniter4\framework\system\View\View.php(228): CodeIgniter\Exceptions\FrameworkException::forInvalidFile('admin/leadstatu...')
#1 G:\Shared drives\ProjectData\ProjectSite\Vyapaar\vendor\codeigniter4\framework\system\Common.php(1119): CodeIgniter\View\View->render('admin/leadstatu...', Array, true)
#2 G:\Shared drives\ProjectData\ProjectSite\Vyapaar\app\Controllers\admin\Leadstatus.php(38): view('admin/leadstatu...', Array)
#3 G:\Shared drives\ProjectData\ProjectSite\Vyapaar\vendor\codeigniter4\framework\system\CodeIgniter.php(918): App\Controllers\admin\Leadstatus->index()
#4 G:\Shared drives\ProjectData\ProjectSite\Vyapaar\vendor\codeigniter4\framework\system\CodeIgniter.php(404): CodeIgniter\CodeIgniter->runController(Object(App\Controllers\admin\Leadstatus))
#5 G:\Shared drives\ProjectData\ProjectSite\Vyapaar\vendor\codeigniter4\framework\system\CodeIgniter.php(312): CodeIgniter\CodeIgniter->handleRequest(NULL, Object(Config\Cache), false)
#6 G:\Shared drives\ProjectData\ProjectSite\Vyapaar\public\index.php(45): CodeIgniter\CodeIgniter->run()
#7 {main}
CRITICAL - 2021-07-31 14:03:41 --> Invalid file: admin/leadstatus/leadsource.php
#0 G:\Shared drives\ProjectData\ProjectSite\Vyapaar\vendor\codeigniter4\framework\system\View\View.php(228): CodeIgniter\Exceptions\FrameworkException::forInvalidFile('admin/leadstatu...')
#1 G:\Shared drives\ProjectData\ProjectSite\Vyapaar\vendor\codeigniter4\framework\system\Common.php(1119): CodeIgniter\View\View->render('admin/leadstatu...', Array, true)
#2 G:\Shared drives\ProjectData\ProjectSite\Vyapaar\app\Controllers\admin\Leadstatus.php(38): view('admin/leadstatu...', Array)
#3 G:\Shared drives\ProjectData\ProjectSite\Vyapaar\vendor\codeigniter4\framework\system\CodeIgniter.php(918): App\Controllers\admin\Leadstatus->index()
#4 G:\Shared drives\ProjectData\ProjectSite\Vyapaar\vendor\codeigniter4\framework\system\CodeIgniter.php(404): CodeIgniter\CodeIgniter->runController(Object(App\Controllers\admin\Leadstatus))
#5 G:\Shared drives\ProjectData\ProjectSite\Vyapaar\vendor\codeigniter4\framework\system\CodeIgniter.php(312): CodeIgniter\CodeIgniter->handleRequest(NULL, Object(Config\Cache), false)
#6 G:\Shared drives\ProjectData\ProjectSite\Vyapaar\public\index.php(45): CodeIgniter\CodeIgniter->run()
#7 {main}
CRITICAL - 2021-07-31 14:04:41 --> Invalid file: admin/leadstatus/leadsource.php
#0 G:\Shared drives\ProjectData\ProjectSite\Vyapaar\vendor\codeigniter4\framework\system\View\View.php(228): CodeIgniter\Exceptions\FrameworkException::forInvalidFile('admin/leadstatu...')
#1 G:\Shared drives\ProjectData\ProjectSite\Vyapaar\vendor\codeigniter4\framework\system\Common.php(1119): CodeIgniter\View\View->render('admin/leadstatu...', Array, true)
#2 G:\Shared drives\ProjectData\ProjectSite\Vyapaar\app\Controllers\admin\Leadstatus.php(38): view('admin/leadstatu...', Array)
#3 G:\Shared drives\ProjectData\ProjectSite\Vyapaar\vendor\codeigniter4\framework\system\CodeIgniter.php(918): App\Controllers\admin\Leadstatus->index()
#4 G:\Shared drives\ProjectData\ProjectSite\Vyapaar\vendor\codeigniter4\framework\system\CodeIgniter.php(404): CodeIgniter\CodeIgniter->runController(Object(App\Controllers\admin\Leadstatus))
#5 G:\Shared drives\ProjectData\ProjectSite\Vyapaar\vendor\codeigniter4\framework\system\CodeIgniter.php(312): CodeIgniter\CodeIgniter->handleRequest(NULL, Object(Config\Cache), false)
#6 G:\Shared drives\ProjectData\ProjectSite\Vyapaar\public\index.php(45): CodeIgniter\CodeIgniter->run()
#7 {main}
