CRITICAL - 2021-02-26 22:49:31 --> Undefined index: svm_name
#0 /opt/lampp/htdocs/SystemManager/app/Views/admin/Vendor/vendorDetails.php(29): CodeIgniter\Debug\Exceptions->errorHandler(8, 'Undefined index...', '/opt/lampp/htdo...', 29, Array)
#1 /opt/lampp/htdocs/SystemManager/vendor/codeigniter4/framework/system/View/View.php(246): include('/opt/lampp/htdo...')
#2 /opt/lampp/htdocs/SystemManager/vendor/codeigniter4/framework/system/Common.php(1119): CodeIgniter\View\View->render('admin/Vendor/ve...', Array, true)
#3 /opt/lampp/htdocs/SystemManager/app/Controllers/admin/Vendor.php(150): view('admin/Vendor/ve...', Array)
#4 /opt/lampp/htdocs/SystemManager/vendor/codeigniter4/framework/system/CodeIgniter.php(918): App\Controllers\admin\Vendor->details('0f82b46cce43724...')
#5 /opt/lampp/htdocs/SystemManager/vendor/codeigniter4/framework/system/CodeIgniter.php(404): CodeIgniter\CodeIgniter->runController(Object(App\Controllers\admin\Vendor))
#6 /opt/lampp/htdocs/SystemManager/vendor/codeigniter4/framework/system/CodeIgniter.php(312): CodeIgniter\CodeIgniter->handleRequest(NULL, Object(Config\Cache), false)
#7 /opt/lampp/htdocs/SystemManager/public/index.php(45): CodeIgniter\CodeIgniter->run()
#8 {main}
CRITICAL - 2021-02-26 22:49:58 --> Undefined index: ssam_name
#0 /opt/lampp/htdocs/SystemManager/app/Views/admin/Vendor/vendorDetails.php(29): CodeIgniter\Debug\Exceptions->errorHandler(8, 'Undefined index...', '/opt/lampp/htdo...', 29, Array)
#1 /opt/lampp/htdocs/SystemManager/vendor/codeigniter4/framework/system/View/View.php(246): include('/opt/lampp/htdo...')
#2 /opt/lampp/htdocs/SystemManager/vendor/codeigniter4/framework/system/Common.php(1119): CodeIgniter\View\View->render('admin/Vendor/ve...', Array, true)
#3 /opt/lampp/htdocs/SystemManager/app/Controllers/admin/Vendor.php(150): view('admin/Vendor/ve...', Array)
#4 /opt/lampp/htdocs/SystemManager/vendor/codeigniter4/framework/system/CodeIgniter.php(918): App\Controllers\admin\Vendor->details('0f82b46cce43724...')
#5 /opt/lampp/htdocs/SystemManager/vendor/codeigniter4/framework/system/CodeIgniter.php(404): CodeIgniter\CodeIgniter->runController(Object(App\Controllers\admin\Vendor))
#6 /opt/lampp/htdocs/SystemManager/vendor/codeigniter4/framework/system/CodeIgniter.php(312): CodeIgniter\CodeIgniter->handleRequest(NULL, Object(Config\Cache), false)
#7 /opt/lampp/htdocs/SystemManager/public/index.php(45): CodeIgniter\CodeIgniter->run()
#8 {main}
CRITICAL - 2021-02-26 22:51:00 --> Undefined index: ssam_name
#0 /opt/lampp/htdocs/SystemManager/app/Views/admin/Vendor/vendorDetails.php(29): CodeIgniter\Debug\Exceptions->errorHandler(8, 'Undefined index...', '/opt/lampp/htdo...', 29, Array)
#1 /opt/lampp/htdocs/SystemManager/vendor/codeigniter4/framework/system/View/View.php(246): include('/opt/lampp/htdo...')
#2 /opt/lampp/htdocs/SystemManager/vendor/codeigniter4/framework/system/Common.php(1119): CodeIgniter\View\View->render('admin/Vendor/ve...', Array, true)
#3 /opt/lampp/htdocs/SystemManager/app/Controllers/admin/Vendor.php(150): view('admin/Vendor/ve...', Array)
#4 /opt/lampp/htdocs/SystemManager/vendor/codeigniter4/framework/system/CodeIgniter.php(918): App\Controllers\admin\Vendor->details('0f82b46cce43724...')
#5 /opt/lampp/htdocs/SystemManager/vendor/codeigniter4/framework/system/CodeIgniter.php(404): CodeIgniter\CodeIgniter->runController(Object(App\Controllers\admin\Vendor))
#6 /opt/lampp/htdocs/SystemManager/vendor/codeigniter4/framework/system/CodeIgniter.php(312): CodeIgniter\CodeIgniter->handleRequest(NULL, Object(Config\Cache), false)
#7 /opt/lampp/htdocs/SystemManager/public/index.php(45): CodeIgniter\CodeIgniter->run()
#8 {main}
CRITICAL - 2021-02-26 23:10:12 --> Undefined offset: 0
#0 /opt/lampp/htdocs/SystemManager/app/Models/SaleasAssociate_model.php(164): CodeIgniter\Debug\Exceptions->errorHandler(8, 'Undefined offse...', '/opt/lampp/htdo...', 164, Array)
#1 /opt/lampp/htdocs/SystemManager/app/Controllers/admin/Vendor.php(136): App\Models\SaleasAssociate_model->getSaleBySlug('3fce2db716d1f1b...')
#2 /opt/lampp/htdocs/SystemManager/vendor/codeigniter4/framework/system/CodeIgniter.php(918): App\Controllers\admin\Vendor->details('3fce2db716d1f1b...')
#3 /opt/lampp/htdocs/SystemManager/vendor/codeigniter4/framework/system/CodeIgniter.php(404): CodeIgniter\CodeIgniter->runController(Object(App\Controllers\admin\Vendor))
#4 /opt/lampp/htdocs/SystemManager/vendor/codeigniter4/framework/system/CodeIgniter.php(312): CodeIgniter\CodeIgniter->handleRequest(NULL, Object(Config\Cache), false)
#5 /opt/lampp/htdocs/SystemManager/public/index.php(45): CodeIgniter\CodeIgniter->run()
#6 {main}
