CRITICAL - 2021-04-20 00:12:53 --> syntax error, unexpected ')', expecting ';' or ','
#0 D:\Allxampp\7.4\htdocs\vyaapar\vendor\codeigniter4\framework\system\Common.php(1119): CodeIgniter\View\View->render('admin/leads/lea...', Array, true)
#1 D:\Allxampp\7.4\htdocs\vyaapar\app\Controllers\admin\Leads.php(172): view('admin/leads/lea...', Array)
#2 D:\Allxampp\7.4\htdocs\vyaapar\vendor\codeigniter4\framework\system\CodeIgniter.php(918): App\Controllers\admin\Leads->leadsDetails('123123')
#3 D:\Allxampp\7.4\htdocs\vyaapar\vendor\codeigniter4\framework\system\CodeIgniter.php(404): CodeIgniter\CodeIgniter->runController(Object(App\Controllers\admin\Leads))
#4 D:\Allxampp\7.4\htdocs\vyaapar\vendor\codeigniter4\framework\system\CodeIgniter.php(312): CodeIgniter\CodeIgniter->handleRequest(NULL, Object(Config\Cache), false)
#5 D:\Allxampp\7.4\htdocs\vyaapar\public\index.php(45): CodeIgniter\CodeIgniter->run()
#6 {main}
CRITICAL - 2021-04-20 00:12:55 --> syntax error, unexpected ')', expecting ';' or ','
#0 D:\Allxampp\7.4\htdocs\vyaapar\vendor\codeigniter4\framework\system\Common.php(1119): CodeIgniter\View\View->render('admin/leads/lea...', Array, true)
#1 D:\Allxampp\7.4\htdocs\vyaapar\app\Controllers\admin\Leads.php(172): view('admin/leads/lea...', Array)
#2 D:\Allxampp\7.4\htdocs\vyaapar\vendor\codeigniter4\framework\system\CodeIgniter.php(918): App\Controllers\admin\Leads->leadsDetails('123123')
#3 D:\Allxampp\7.4\htdocs\vyaapar\vendor\codeigniter4\framework\system\CodeIgniter.php(404): CodeIgniter\CodeIgniter->runController(Object(App\Controllers\admin\Leads))
#4 D:\Allxampp\7.4\htdocs\vyaapar\vendor\codeigniter4\framework\system\CodeIgniter.php(312): CodeIgniter\CodeIgniter->handleRequest(NULL, Object(Config\Cache), false)
#5 D:\Allxampp\7.4\htdocs\vyaapar\public\index.php(45): CodeIgniter\CodeIgniter->run()
#6 {main}
CRITICAL - 2021-04-20 00:13:15 --> Call to undefined function ()
#0 D:\Allxampp\7.4\htdocs\vyaapar\vendor\codeigniter4\framework\system\View\View.php(246): include()
#1 D:\Allxampp\7.4\htdocs\vyaapar\vendor\codeigniter4\framework\system\Common.php(1119): CodeIgniter\View\View->render('admin/leads/lea...', Array, true)
#2 D:\Allxampp\7.4\htdocs\vyaapar\app\Controllers\admin\Leads.php(172): view('admin/leads/lea...', Array)
#3 D:\Allxampp\7.4\htdocs\vyaapar\vendor\codeigniter4\framework\system\CodeIgniter.php(918): App\Controllers\admin\Leads->leadsDetails('123123')
#4 D:\Allxampp\7.4\htdocs\vyaapar\vendor\codeigniter4\framework\system\CodeIgniter.php(404): CodeIgniter\CodeIgniter->runController(Object(App\Controllers\admin\Leads))
#5 D:\Allxampp\7.4\htdocs\vyaapar\vendor\codeigniter4\framework\system\CodeIgniter.php(312): CodeIgniter\CodeIgniter->handleRequest(NULL, Object(Config\Cache), false)
#6 D:\Allxampp\7.4\htdocs\vyaapar\public\index.php(45): CodeIgniter\CodeIgniter->run()
#7 {main}
CRITICAL - 2021-04-20 00:13:17 --> Call to undefined function ()
#0 D:\Allxampp\7.4\htdocs\vyaapar\vendor\codeigniter4\framework\system\View\View.php(246): include()
#1 D:\Allxampp\7.4\htdocs\vyaapar\vendor\codeigniter4\framework\system\Common.php(1119): CodeIgniter\View\View->render('admin/leads/lea...', Array, true)
#2 D:\Allxampp\7.4\htdocs\vyaapar\app\Controllers\admin\Leads.php(172): view('admin/leads/lea...', Array)
#3 D:\Allxampp\7.4\htdocs\vyaapar\vendor\codeigniter4\framework\system\CodeIgniter.php(918): App\Controllers\admin\Leads->leadsDetails('123123')
#4 D:\Allxampp\7.4\htdocs\vyaapar\vendor\codeigniter4\framework\system\CodeIgniter.php(404): CodeIgniter\CodeIgniter->runController(Object(App\Controllers\admin\Leads))
#5 D:\Allxampp\7.4\htdocs\vyaapar\vendor\codeigniter4\framework\system\CodeIgniter.php(312): CodeIgniter\CodeIgniter->handleRequest(NULL, Object(Config\Cache), false)
#6 D:\Allxampp\7.4\htdocs\vyaapar\public\index.php(45): CodeIgniter\CodeIgniter->run()
#7 {main}
CRITICAL - 2021-04-20 00:13:39 --> Call to undefined function ()
#0 D:\Allxampp\7.4\htdocs\vyaapar\vendor\codeigniter4\framework\system\View\View.php(246): include()
#1 D:\Allxampp\7.4\htdocs\vyaapar\vendor\codeigniter4\framework\system\Common.php(1119): CodeIgniter\View\View->render('admin/leads/lea...', Array, true)
#2 D:\Allxampp\7.4\htdocs\vyaapar\app\Controllers\admin\Leads.php(172): view('admin/leads/lea...', Array)
#3 D:\Allxampp\7.4\htdocs\vyaapar\vendor\codeigniter4\framework\system\CodeIgniter.php(918): App\Controllers\admin\Leads->leadsDetails('123123')
#4 D:\Allxampp\7.4\htdocs\vyaapar\vendor\codeigniter4\framework\system\CodeIgniter.php(404): CodeIgniter\CodeIgniter->runController(Object(App\Controllers\admin\Leads))
#5 D:\Allxampp\7.4\htdocs\vyaapar\vendor\codeigniter4\framework\system\CodeIgniter.php(312): CodeIgniter\CodeIgniter->handleRequest(NULL, Object(Config\Cache), false)
#6 D:\Allxampp\7.4\htdocs\vyaapar\public\index.php(45): CodeIgniter\CodeIgniter->run()
#7 {main}
CRITICAL - 2021-04-20 00:14:53 --> Call to undefined function ()
#0 D:\Allxampp\7.4\htdocs\vyaapar\vendor\codeigniter4\framework\system\View\View.php(246): include()
#1 D:\Allxampp\7.4\htdocs\vyaapar\vendor\codeigniter4\framework\system\Common.php(1119): CodeIgniter\View\View->render('admin/leads/lea...', Array, true)
#2 D:\Allxampp\7.4\htdocs\vyaapar\app\Controllers\admin\Leads.php(172): view('admin/leads/lea...', Array)
#3 D:\Allxampp\7.4\htdocs\vyaapar\vendor\codeigniter4\framework\system\CodeIgniter.php(918): App\Controllers\admin\Leads->leadsDetails('123123')
#4 D:\Allxampp\7.4\htdocs\vyaapar\vendor\codeigniter4\framework\system\CodeIgniter.php(404): CodeIgniter\CodeIgniter->runController(Object(App\Controllers\admin\Leads))
#5 D:\Allxampp\7.4\htdocs\vyaapar\vendor\codeigniter4\framework\system\CodeIgniter.php(312): CodeIgniter\CodeIgniter->handleRequest(NULL, Object(Config\Cache), false)
#6 D:\Allxampp\7.4\htdocs\vyaapar\public\index.php(45): CodeIgniter\CodeIgniter->run()
#7 {main}
CRITICAL - 2021-04-20 00:15:31 --> Call to undefined function ()
#0 D:\Allxampp\7.4\htdocs\vyaapar\vendor\codeigniter4\framework\system\View\View.php(246): include()
#1 D:\Allxampp\7.4\htdocs\vyaapar\vendor\codeigniter4\framework\system\Common.php(1119): CodeIgniter\View\View->render('admin/leads/lea...', Array, true)
#2 D:\Allxampp\7.4\htdocs\vyaapar\app\Controllers\admin\Leads.php(172): view('admin/leads/lea...', Array)
#3 D:\Allxampp\7.4\htdocs\vyaapar\vendor\codeigniter4\framework\system\CodeIgniter.php(918): App\Controllers\admin\Leads->leadsDetails('123123')
#4 D:\Allxampp\7.4\htdocs\vyaapar\vendor\codeigniter4\framework\system\CodeIgniter.php(404): CodeIgniter\CodeIgniter->runController(Object(App\Controllers\admin\Leads))
#5 D:\Allxampp\7.4\htdocs\vyaapar\vendor\codeigniter4\framework\system\CodeIgniter.php(312): CodeIgniter\CodeIgniter->handleRequest(NULL, Object(Config\Cache), false)
#6 D:\Allxampp\7.4\htdocs\vyaapar\public\index.php(45): CodeIgniter\CodeIgniter->run()
#7 {main}
CRITICAL - 2021-04-20 00:39:50 --> Trying to get property 'sub_cat' of non-object
#0 D:\Allxampp\7.4\htdocs\vyaapar\app\Controllers\admin\Subcategories.php(169): CodeIgniter\Debug\Exceptions->errorHandler(8, 'Trying to get p...', 'D:\\Allxampp\\7.4...', 169, Array)
#1 D:\Allxampp\7.4\htdocs\vyaapar\vendor\codeigniter4\framework\system\CodeIgniter.php(918): App\Controllers\admin\Subcategories->getSubcategories()
#2 D:\Allxampp\7.4\htdocs\vyaapar\vendor\codeigniter4\framework\system\CodeIgniter.php(404): CodeIgniter\CodeIgniter->runController(Object(App\Controllers\admin\Subcategories))
#3 D:\Allxampp\7.4\htdocs\vyaapar\vendor\codeigniter4\framework\system\CodeIgniter.php(312): CodeIgniter\CodeIgniter->handleRequest(NULL, Object(Config\Cache), false)
#4 D:\Allxampp\7.4\htdocs\vyaapar\public\index.php(45): CodeIgniter\CodeIgniter->run()
#5 {main}
CRITICAL - 2021-04-20 00:39:54 --> Trying to get property 'sub_cat' of non-object
#0 D:\Allxampp\7.4\htdocs\vyaapar\app\Controllers\admin\Subcategories.php(169): CodeIgniter\Debug\Exceptions->errorHandler(8, 'Trying to get p...', 'D:\\Allxampp\\7.4...', 169, Array)
#1 D:\Allxampp\7.4\htdocs\vyaapar\vendor\codeigniter4\framework\system\CodeIgniter.php(918): App\Controllers\admin\Subcategories->getSubcategories()
#2 D:\Allxampp\7.4\htdocs\vyaapar\vendor\codeigniter4\framework\system\CodeIgniter.php(404): CodeIgniter\CodeIgniter->runController(Object(App\Controllers\admin\Subcategories))
#3 D:\Allxampp\7.4\htdocs\vyaapar\vendor\codeigniter4\framework\system\CodeIgniter.php(312): CodeIgniter\CodeIgniter->handleRequest(NULL, Object(Config\Cache), false)
#4 D:\Allxampp\7.4\htdocs\vyaapar\public\index.php(45): CodeIgniter\CodeIgniter->run()
#5 {main}
CRITICAL - 2021-04-20 00:39:59 --> Trying to get property 'sub_cat' of non-object
#0 D:\Allxampp\7.4\htdocs\vyaapar\app\Controllers\admin\Subcategories.php(169): CodeIgniter\Debug\Exceptions->errorHandler(8, 'Trying to get p...', 'D:\\Allxampp\\7.4...', 169, Array)
#1 D:\Allxampp\7.4\htdocs\vyaapar\vendor\codeigniter4\framework\system\CodeIgniter.php(918): App\Controllers\admin\Subcategories->getSubcategories()
#2 D:\Allxampp\7.4\htdocs\vyaapar\vendor\codeigniter4\framework\system\CodeIgniter.php(404): CodeIgniter\CodeIgniter->runController(Object(App\Controllers\admin\Subcategories))
#3 D:\Allxampp\7.4\htdocs\vyaapar\vendor\codeigniter4\framework\system\CodeIgniter.php(312): CodeIgniter\CodeIgniter->handleRequest(NULL, Object(Config\Cache), false)
#4 D:\Allxampp\7.4\htdocs\vyaapar\public\index.php(45): CodeIgniter\CodeIgniter->run()
#5 {main}
CRITICAL - 2021-04-20 00:40:01 --> Trying to get property 'sub_cat' of non-object
#0 D:\Allxampp\7.4\htdocs\vyaapar\app\Controllers\admin\Subcategories.php(169): CodeIgniter\Debug\Exceptions->errorHandler(8, 'Trying to get p...', 'D:\\Allxampp\\7.4...', 169, Array)
#1 D:\Allxampp\7.4\htdocs\vyaapar\vendor\codeigniter4\framework\system\CodeIgniter.php(918): App\Controllers\admin\Subcategories->getSubcategories()
#2 D:\Allxampp\7.4\htdocs\vyaapar\vendor\codeigniter4\framework\system\CodeIgniter.php(404): CodeIgniter\CodeIgniter->runController(Object(App\Controllers\admin\Subcategories))
#3 D:\Allxampp\7.4\htdocs\vyaapar\vendor\codeigniter4\framework\system\CodeIgniter.php(312): CodeIgniter\CodeIgniter->handleRequest(NULL, Object(Config\Cache), false)
#4 D:\Allxampp\7.4\htdocs\vyaapar\public\index.php(45): CodeIgniter\CodeIgniter->run()
#5 {main}
CRITICAL - 2021-04-20 00:40:04 --> Trying to get property 'sub_cat' of non-object
#0 D:\Allxampp\7.4\htdocs\vyaapar\app\Controllers\admin\Subcategories.php(169): CodeIgniter\Debug\Exceptions->errorHandler(8, 'Trying to get p...', 'D:\\Allxampp\\7.4...', 169, Array)
#1 D:\Allxampp\7.4\htdocs\vyaapar\vendor\codeigniter4\framework\system\CodeIgniter.php(918): App\Controllers\admin\Subcategories->getSubcategories()
#2 D:\Allxampp\7.4\htdocs\vyaapar\vendor\codeigniter4\framework\system\CodeIgniter.php(404): CodeIgniter\CodeIgniter->runController(Object(App\Controllers\admin\Subcategories))
#3 D:\Allxampp\7.4\htdocs\vyaapar\vendor\codeigniter4\framework\system\CodeIgniter.php(312): CodeIgniter\CodeIgniter->handleRequest(NULL, Object(Config\Cache), false)
#4 D:\Allxampp\7.4\htdocs\vyaapar\public\index.php(45): CodeIgniter\CodeIgniter->run()
#5 {main}
CRITICAL - 2021-04-20 00:40:05 --> Trying to get property 'sub_cat' of non-object
#0 D:\Allxampp\7.4\htdocs\vyaapar\app\Controllers\admin\Subcategories.php(169): CodeIgniter\Debug\Exceptions->errorHandler(8, 'Trying to get p...', 'D:\\Allxampp\\7.4...', 169, Array)
#1 D:\Allxampp\7.4\htdocs\vyaapar\vendor\codeigniter4\framework\system\CodeIgniter.php(918): App\Controllers\admin\Subcategories->getSubcategories()
#2 D:\Allxampp\7.4\htdocs\vyaapar\vendor\codeigniter4\framework\system\CodeIgniter.php(404): CodeIgniter\CodeIgniter->runController(Object(App\Controllers\admin\Subcategories))
#3 D:\Allxampp\7.4\htdocs\vyaapar\vendor\codeigniter4\framework\system\CodeIgniter.php(312): CodeIgniter\CodeIgniter->handleRequest(NULL, Object(Config\Cache), false)
#4 D:\Allxampp\7.4\htdocs\vyaapar\public\index.php(45): CodeIgniter\CodeIgniter->run()
#5 {main}
CRITICAL - 2021-04-20 00:40:18 --> Trying to get property 'sub_cat' of non-object
#0 D:\Allxampp\7.4\htdocs\vyaapar\app\Controllers\admin\Subcategories.php(169): CodeIgniter\Debug\Exceptions->errorHandler(8, 'Trying to get p...', 'D:\\Allxampp\\7.4...', 169, Array)
#1 D:\Allxampp\7.4\htdocs\vyaapar\vendor\codeigniter4\framework\system\CodeIgniter.php(918): App\Controllers\admin\Subcategories->getSubcategories()
#2 D:\Allxampp\7.4\htdocs\vyaapar\vendor\codeigniter4\framework\system\CodeIgniter.php(404): CodeIgniter\CodeIgniter->runController(Object(App\Controllers\admin\Subcategories))
#3 D:\Allxampp\7.4\htdocs\vyaapar\vendor\codeigniter4\framework\system\CodeIgniter.php(312): CodeIgniter\CodeIgniter->handleRequest(NULL, Object(Config\Cache), false)
#4 D:\Allxampp\7.4\htdocs\vyaapar\public\index.php(45): CodeIgniter\CodeIgniter->run()
#5 {main}
CRITICAL - 2021-04-20 00:43:12 --> Trying to get property 'sub_cat' of non-object
#0 D:\Allxampp\7.4\htdocs\vyaapar\app\Controllers\admin\Subcategories.php(169): CodeIgniter\Debug\Exceptions->errorHandler(8, 'Trying to get p...', 'D:\\Allxampp\\7.4...', 169, Array)
#1 D:\Allxampp\7.4\htdocs\vyaapar\vendor\codeigniter4\framework\system\CodeIgniter.php(918): App\Controllers\admin\Subcategories->getSubcategories()
#2 D:\Allxampp\7.4\htdocs\vyaapar\vendor\codeigniter4\framework\system\CodeIgniter.php(404): CodeIgniter\CodeIgniter->runController(Object(App\Controllers\admin\Subcategories))
#3 D:\Allxampp\7.4\htdocs\vyaapar\vendor\codeigniter4\framework\system\CodeIgniter.php(312): CodeIgniter\CodeIgniter->handleRequest(NULL, Object(Config\Cache), false)
#4 D:\Allxampp\7.4\htdocs\vyaapar\public\index.php(45): CodeIgniter\CodeIgniter->run()
#5 {main}
CRITICAL - 2021-04-20 13:59:10 --> Undefined variable: vendor
#0 D:\Allxampp\7.4\htdocs\vyaapar\app\Views\admin\leads\leads.php(110): CodeIgniter\Debug\Exceptions->errorHandler(8, 'Undefined varia...', 'D:\\Allxampp\\7.4...', 110, Array)
#1 D:\Allxampp\7.4\htdocs\vyaapar\vendor\codeigniter4\framework\system\View\View.php(246): include('D:\\Allxampp\\7.4...')
#2 D:\Allxampp\7.4\htdocs\vyaapar\vendor\codeigniter4\framework\system\Common.php(1119): CodeIgniter\View\View->render('admin/leads/lea...', Array, true)
#3 D:\Allxampp\7.4\htdocs\vyaapar\app\Controllers\admin\Leads.php(71): view('admin/leads/lea...', Array)
#4 D:\Allxampp\7.4\htdocs\vyaapar\vendor\codeigniter4\framework\system\CodeIgniter.php(918): App\Controllers\admin\Leads->index()
#5 D:\Allxampp\7.4\htdocs\vyaapar\vendor\codeigniter4\framework\system\CodeIgniter.php(404): CodeIgniter\CodeIgniter->runController(Object(App\Controllers\admin\Leads))
#6 D:\Allxampp\7.4\htdocs\vyaapar\vendor\codeigniter4\framework\system\CodeIgniter.php(312): CodeIgniter\CodeIgniter->handleRequest(NULL, Object(Config\Cache), false)
#7 D:\Allxampp\7.4\htdocs\vyaapar\public\index.php(45): CodeIgniter\CodeIgniter->run()
#8 {main}
