CRITICAL - 2021-07-20 00:06:17 --> Undefined variable: vendor_namen
#0 G:\Shared drives\ProjectData\Vyapaar\app\Views\admin\leads\leadDetails.php(140): CodeIgniter\Debug\Exceptions->errorHandler(8, 'Undefined varia...', 'G:\\Shared drive...', 140, Array)
#1 G:\Shared drives\ProjectData\Vyapaar\vendor\codeigniter4\framework\system\View\View.php(246): include('G:\\Shared drive...')
#2 G:\Shared drives\ProjectData\Vyapaar\vendor\codeigniter4\framework\system\Common.php(1119): CodeIgniter\View\View->render('admin/leads/lea...', Array, true)
#3 G:\Shared drives\ProjectData\Vyapaar\app\Controllers\admin\Leads.php(318): view('admin/leads/lea...', Array)
#4 G:\Shared drives\ProjectData\Vyapaar\vendor\codeigniter4\framework\system\CodeIgniter.php(918): App\Controllers\admin\Leads->leadsDetails('7614')
#5 G:\Shared drives\ProjectData\Vyapaar\vendor\codeigniter4\framework\system\CodeIgniter.php(404): CodeIgniter\CodeIgniter->runController(Object(App\Controllers\admin\Leads))
#6 G:\Shared drives\ProjectData\Vyapaar\vendor\codeigniter4\framework\system\CodeIgniter.php(312): CodeIgniter\CodeIgniter->handleRequest(NULL, Object(Config\Cache), false)
#7 G:\Shared drives\ProjectData\Vyapaar\public\index.php(45): CodeIgniter\CodeIgniter->run()
#8 {main}
CRITICAL - 2021-07-20 00:06:21 --> Undefined variable: vendor_namen
#0 G:\Shared drives\ProjectData\Vyapaar\app\Views\admin\leads\leadDetails.php(140): CodeIgniter\Debug\Exceptions->errorHandler(8, 'Undefined varia...', 'G:\\Shared drive...', 140, Array)
#1 G:\Shared drives\ProjectData\Vyapaar\vendor\codeigniter4\framework\system\View\View.php(246): include('G:\\Shared drive...')
#2 G:\Shared drives\ProjectData\Vyapaar\vendor\codeigniter4\framework\system\Common.php(1119): CodeIgniter\View\View->render('admin/leads/lea...', Array, true)
#3 G:\Shared drives\ProjectData\Vyapaar\app\Controllers\admin\Leads.php(318): view('admin/leads/lea...', Array)
#4 G:\Shared drives\ProjectData\Vyapaar\vendor\codeigniter4\framework\system\CodeIgniter.php(918): App\Controllers\admin\Leads->leadsDetails('7614')
#5 G:\Shared drives\ProjectData\Vyapaar\vendor\codeigniter4\framework\system\CodeIgniter.php(404): CodeIgniter\CodeIgniter->runController(Object(App\Controllers\admin\Leads))
#6 G:\Shared drives\ProjectData\Vyapaar\vendor\codeigniter4\framework\system\CodeIgniter.php(312): CodeIgniter\CodeIgniter->handleRequest(NULL, Object(Config\Cache), false)
#7 G:\Shared drives\ProjectData\Vyapaar\public\index.php(45): CodeIgniter\CodeIgniter->run()
#8 {main}
CRITICAL - 2021-07-20 00:15:32 --> Trying to get property 'vendor_slug' of non-object
#0 G:\Shared drives\ProjectData\Vyapaar\app\Views\admin\leads\leadDetails.php(140): CodeIgniter\Debug\Exceptions->errorHandler(8, 'Trying to get p...', 'G:\\Shared drive...', 140, Array)
#1 G:\Shared drives\ProjectData\Vyapaar\vendor\codeigniter4\framework\system\View\View.php(246): include('G:\\Shared drive...')
#2 G:\Shared drives\ProjectData\Vyapaar\vendor\codeigniter4\framework\system\Common.php(1119): CodeIgniter\View\View->render('admin/leads/lea...', Array, true)
#3 G:\Shared drives\ProjectData\Vyapaar\app\Controllers\admin\Leads.php(318): view('admin/leads/lea...', Array)
#4 G:\Shared drives\ProjectData\Vyapaar\vendor\codeigniter4\framework\system\CodeIgniter.php(918): App\Controllers\admin\Leads->leadsDetails('7614')
#5 G:\Shared drives\ProjectData\Vyapaar\vendor\codeigniter4\framework\system\CodeIgniter.php(404): CodeIgniter\CodeIgniter->runController(Object(App\Controllers\admin\Leads))
#6 G:\Shared drives\ProjectData\Vyapaar\vendor\codeigniter4\framework\system\CodeIgniter.php(312): CodeIgniter\CodeIgniter->handleRequest(NULL, Object(Config\Cache), false)
#7 G:\Shared drives\ProjectData\Vyapaar\public\index.php(45): CodeIgniter\CodeIgniter->run()
#8 {main}
