CRITICAL - 2021-05-18 00:03:24 --> Undefined index: lead_id
#0 D:\Allxampp\7.4\htdocs\vyaapar\app\Controllers\vendor\Vendor.php(192): CodeIgniter\Debug\Exceptions->errorHandler(8, 'Undefined index...', 'D:\\Allxampp\\7.4...', 192, Array)
#1 D:\Allxampp\7.4\htdocs\vyaapar\vendor\codeigniter4\framework\system\CodeIgniter.php(918): App\Controllers\vendor\Vendor->leadsDetails('8271')
#2 D:\Allxampp\7.4\htdocs\vyaapar\vendor\codeigniter4\framework\system\CodeIgniter.php(404): CodeIgniter\CodeIgniter->runController(Object(App\Controllers\vendor\Vendor))
#3 D:\Allxampp\7.4\htdocs\vyaapar\vendor\codeigniter4\framework\system\CodeIgniter.php(312): CodeIgniter\CodeIgniter->handleRequest(NULL, Object(Config\Cache), false)
#4 D:\Allxampp\7.4\htdocs\vyaapar\public\index.php(45): CodeIgniter\CodeIgniter->run()
#5 {main}
CRITICAL - 2021-05-18 00:25:10 --> Call to undefined method CodeIgniter\Session\Session::vendor()
#0 D:\Allxampp\7.4\htdocs\vyaapar\vendor\codeigniter4\framework\system\CodeIgniter.php(918): App\Controllers\vendor\Vendor->accept_lead()
#1 D:\Allxampp\7.4\htdocs\vyaapar\vendor\codeigniter4\framework\system\CodeIgniter.php(404): CodeIgniter\CodeIgniter->runController(Object(App\Controllers\vendor\Vendor))
#2 D:\Allxampp\7.4\htdocs\vyaapar\vendor\codeigniter4\framework\system\CodeIgniter.php(312): CodeIgniter\CodeIgniter->handleRequest(NULL, Object(Config\Cache), false)
#3 D:\Allxampp\7.4\htdocs\vyaapar\public\index.php(45): CodeIgniter\CodeIgniter->run()
#4 {main}
CRITICAL - 2021-05-18 00:26:12 --> Unknown column 'lead_id' in 'field list'
#0 D:\Allxampp\7.4\htdocs\vyaapar\vendor\codeigniter4\framework\system\Database\MySQLi\Connection.php(331): mysqli->query('UPDATE `tbllead...')
#1 D:\Allxampp\7.4\htdocs\vyaapar\vendor\codeigniter4\framework\system\Database\BaseConnection.php(741): CodeIgniter\Database\MySQLi\Connection->execute('UPDATE `tbllead...')
#2 D:\Allxampp\7.4\htdocs\vyaapar\vendor\codeigniter4\framework\system\Database\BaseConnection.php(669): CodeIgniter\Database\BaseConnection->simpleQuery('UPDATE `tbllead...')
#3 D:\Allxampp\7.4\htdocs\vyaapar\vendor\codeigniter4\framework\system\Database\BaseBuilder.php(2456): CodeIgniter\Database\BaseConnection->query('UPDATE `tbllead...', Array, false)
#4 D:\Allxampp\7.4\htdocs\vyaapar\app\Models\Leadsaccept_model.php(34): CodeIgniter\Database\BaseBuilder->update(Array, Array)
#5 D:\Allxampp\7.4\htdocs\vyaapar\app\Controllers\vendor\Vendor.php(222): App\Models\Leadsaccept_model->accept_lead(Array)
#6 D:\Allxampp\7.4\htdocs\vyaapar\vendor\codeigniter4\framework\system\CodeIgniter.php(918): App\Controllers\vendor\Vendor->accept_lead()
#7 D:\Allxampp\7.4\htdocs\vyaapar\vendor\codeigniter4\framework\system\CodeIgniter.php(404): CodeIgniter\CodeIgniter->runController(Object(App\Controllers\vendor\Vendor))
#8 D:\Allxampp\7.4\htdocs\vyaapar\vendor\codeigniter4\framework\system\CodeIgniter.php(312): CodeIgniter\CodeIgniter->handleRequest(NULL, Object(Config\Cache), false)
#9 D:\Allxampp\7.4\htdocs\vyaapar\public\index.php(45): CodeIgniter\CodeIgniter->run()
#10 {main}
CRITICAL - 2021-05-18 00:32:20 --> Cannot add or update a child row: a foreign key constraint fails (`vyaapar`.`tblleads_comment`, CONSTRAINT `lead_cm_delete` FOREIGN KEY (`lead_m_id`) REFERENCES `tblleads_master` (`lead_id`) ON DELETE CASCADE ON UPDATE CASCADE)
#0 D:\Allxampp\7.4\htdocs\vyaapar\vendor\codeigniter4\framework\system\Database\MySQLi\Connection.php(331): mysqli->query('INSERT INTO `tb...')
#1 D:\Allxampp\7.4\htdocs\vyaapar\vendor\codeigniter4\framework\system\Database\BaseConnection.php(741): CodeIgniter\Database\MySQLi\Connection->execute('INSERT INTO `tb...')
#2 D:\Allxampp\7.4\htdocs\vyaapar\vendor\codeigniter4\framework\system\Database\BaseConnection.php(669): CodeIgniter\Database\BaseConnection->simpleQuery('INSERT INTO `tb...')
#3 D:\Allxampp\7.4\htdocs\vyaapar\vendor\codeigniter4\framework\system\Database\BaseBuilder.php(2249): CodeIgniter\Database\BaseConnection->query('INSERT INTO `tb...', Array, false)
#4 D:\Allxampp\7.4\htdocs\vyaapar\app\Models\Leadcomment_model.php(27): CodeIgniter\Database\BaseBuilder->insert(Array)
#5 D:\Allxampp\7.4\htdocs\vyaapar\app\Controllers\vendor\Vendor.php(248): App\Models\Leadcomment_model->leadcomment(Array)
#6 D:\Allxampp\7.4\htdocs\vyaapar\vendor\codeigniter4\framework\system\CodeIgniter.php(918): App\Controllers\vendor\Vendor->add_comments()
#7 D:\Allxampp\7.4\htdocs\vyaapar\vendor\codeigniter4\framework\system\CodeIgniter.php(404): CodeIgniter\CodeIgniter->runController(Object(App\Controllers\vendor\Vendor))
#8 D:\Allxampp\7.4\htdocs\vyaapar\vendor\codeigniter4\framework\system\CodeIgniter.php(312): CodeIgniter\CodeIgniter->handleRequest(NULL, Object(Config\Cache), false)
#9 D:\Allxampp\7.4\htdocs\vyaapar\public\index.php(45): CodeIgniter\CodeIgniter->run()
#10 {main}
CRITICAL - 2021-05-18 00:32:29 --> Cannot add or update a child row: a foreign key constraint fails (`vyaapar`.`tblleads_comment`, CONSTRAINT `lead_cm_delete` FOREIGN KEY (`lead_m_id`) REFERENCES `tblleads_master` (`lead_id`) ON DELETE CASCADE ON UPDATE CASCADE)
#0 D:\Allxampp\7.4\htdocs\vyaapar\vendor\codeigniter4\framework\system\Database\MySQLi\Connection.php(331): mysqli->query('INSERT INTO `tb...')
#1 D:\Allxampp\7.4\htdocs\vyaapar\vendor\codeigniter4\framework\system\Database\BaseConnection.php(741): CodeIgniter\Database\MySQLi\Connection->execute('INSERT INTO `tb...')
#2 D:\Allxampp\7.4\htdocs\vyaapar\vendor\codeigniter4\framework\system\Database\BaseConnection.php(669): CodeIgniter\Database\BaseConnection->simpleQuery('INSERT INTO `tb...')
#3 D:\Allxampp\7.4\htdocs\vyaapar\vendor\codeigniter4\framework\system\Database\BaseBuilder.php(2249): CodeIgniter\Database\BaseConnection->query('INSERT INTO `tb...', Array, false)
#4 D:\Allxampp\7.4\htdocs\vyaapar\app\Models\Leadcomment_model.php(27): CodeIgniter\Database\BaseBuilder->insert(Array)
#5 D:\Allxampp\7.4\htdocs\vyaapar\app\Controllers\vendor\Vendor.php(248): App\Models\Leadcomment_model->leadcomment(Array)
#6 D:\Allxampp\7.4\htdocs\vyaapar\vendor\codeigniter4\framework\system\CodeIgniter.php(918): App\Controllers\vendor\Vendor->add_comments()
#7 D:\Allxampp\7.4\htdocs\vyaapar\vendor\codeigniter4\framework\system\CodeIgniter.php(404): CodeIgniter\CodeIgniter->runController(Object(App\Controllers\vendor\Vendor))
#8 D:\Allxampp\7.4\htdocs\vyaapar\vendor\codeigniter4\framework\system\CodeIgniter.php(312): CodeIgniter\CodeIgniter->handleRequest(NULL, Object(Config\Cache), false)
#9 D:\Allxampp\7.4\htdocs\vyaapar\public\index.php(45): CodeIgniter\CodeIgniter->run()
#10 {main}
CRITICAL - 2021-05-18 00:33:42 --> Cannot add or update a child row: a foreign key constraint fails (`vyaapar`.`tblleads_comment`, CONSTRAINT `lead_cm_delete` FOREIGN KEY (`lead_m_id`) REFERENCES `tblleads_master` (`lead_id`) ON DELETE CASCADE ON UPDATE CASCADE)
#0 D:\Allxampp\7.4\htdocs\vyaapar\vendor\codeigniter4\framework\system\Database\MySQLi\Connection.php(331): mysqli->query('INSERT INTO `tb...')
#1 D:\Allxampp\7.4\htdocs\vyaapar\vendor\codeigniter4\framework\system\Database\BaseConnection.php(741): CodeIgniter\Database\MySQLi\Connection->execute('INSERT INTO `tb...')
#2 D:\Allxampp\7.4\htdocs\vyaapar\vendor\codeigniter4\framework\system\Database\BaseConnection.php(669): CodeIgniter\Database\BaseConnection->simpleQuery('INSERT INTO `tb...')
#3 D:\Allxampp\7.4\htdocs\vyaapar\vendor\codeigniter4\framework\system\Database\BaseBuilder.php(2249): CodeIgniter\Database\BaseConnection->query('INSERT INTO `tb...', Array, false)
#4 D:\Allxampp\7.4\htdocs\vyaapar\app\Models\Leadcomment_model.php(27): CodeIgniter\Database\BaseBuilder->insert(Array)
#5 D:\Allxampp\7.4\htdocs\vyaapar\app\Controllers\vendor\Vendor.php(248): App\Models\Leadcomment_model->leadcomment(Array)
#6 D:\Allxampp\7.4\htdocs\vyaapar\vendor\codeigniter4\framework\system\CodeIgniter.php(918): App\Controllers\vendor\Vendor->add_comments()
#7 D:\Allxampp\7.4\htdocs\vyaapar\vendor\codeigniter4\framework\system\CodeIgniter.php(404): CodeIgniter\CodeIgniter->runController(Object(App\Controllers\vendor\Vendor))
#8 D:\Allxampp\7.4\htdocs\vyaapar\vendor\codeigniter4\framework\system\CodeIgniter.php(312): CodeIgniter\CodeIgniter->handleRequest(NULL, Object(Config\Cache), false)
#9 D:\Allxampp\7.4\htdocs\vyaapar\public\index.php(45): CodeIgniter\CodeIgniter->run()
#10 {main}
CRITICAL - 2021-05-18 00:38:09 --> Undefined index: vendor_id
#0 D:\Allxampp\7.4\htdocs\vyaapar\app\Views\vendor\leads\leadDetails.php(186): CodeIgniter\Debug\Exceptions->errorHandler(8, 'Undefined index...', 'D:\\Allxampp\\7.4...', 186, Array)
#1 D:\Allxampp\7.4\htdocs\vyaapar\vendor\codeigniter4\framework\system\View\View.php(246): include('D:\\Allxampp\\7.4...')
#2 D:\Allxampp\7.4\htdocs\vyaapar\vendor\codeigniter4\framework\system\Common.php(1119): CodeIgniter\View\View->render('vendor/leads/le...', Array, true)
#3 D:\Allxampp\7.4\htdocs\vyaapar\app\Controllers\vendor\Vendor.php(206): view('vendor/leads/le...', Array)
#4 D:\Allxampp\7.4\htdocs\vyaapar\vendor\codeigniter4\framework\system\CodeIgniter.php(918): App\Controllers\vendor\Vendor->leadsDetails('8271')
#5 D:\Allxampp\7.4\htdocs\vyaapar\vendor\codeigniter4\framework\system\CodeIgniter.php(404): CodeIgniter\CodeIgniter->runController(Object(App\Controllers\vendor\Vendor))
#6 D:\Allxampp\7.4\htdocs\vyaapar\vendor\codeigniter4\framework\system\CodeIgniter.php(312): CodeIgniter\CodeIgniter->handleRequest(NULL, Object(Config\Cache), false)
#7 D:\Allxampp\7.4\htdocs\vyaapar\public\index.php(45): CodeIgniter\CodeIgniter->run()
#8 {main}
CRITICAL - 2021-05-18 00:38:15 --> Undefined index: vendor_id
#0 D:\Allxampp\7.4\htdocs\vyaapar\app\Views\vendor\leads\leadDetails.php(186): CodeIgniter\Debug\Exceptions->errorHandler(8, 'Undefined index...', 'D:\\Allxampp\\7.4...', 186, Array)
#1 D:\Allxampp\7.4\htdocs\vyaapar\vendor\codeigniter4\framework\system\View\View.php(246): include('D:\\Allxampp\\7.4...')
#2 D:\Allxampp\7.4\htdocs\vyaapar\vendor\codeigniter4\framework\system\Common.php(1119): CodeIgniter\View\View->render('vendor/leads/le...', Array, true)
#3 D:\Allxampp\7.4\htdocs\vyaapar\app\Controllers\vendor\Vendor.php(206): view('vendor/leads/le...', Array)
#4 D:\Allxampp\7.4\htdocs\vyaapar\vendor\codeigniter4\framework\system\CodeIgniter.php(918): App\Controllers\vendor\Vendor->leadsDetails('8271')
#5 D:\Allxampp\7.4\htdocs\vyaapar\vendor\codeigniter4\framework\system\CodeIgniter.php(404): CodeIgniter\CodeIgniter->runController(Object(App\Controllers\vendor\Vendor))
#6 D:\Allxampp\7.4\htdocs\vyaapar\vendor\codeigniter4\framework\system\CodeIgniter.php(312): CodeIgniter\CodeIgniter->handleRequest(NULL, Object(Config\Cache), false)
#7 D:\Allxampp\7.4\htdocs\vyaapar\public\index.php(45): CodeIgniter\CodeIgniter->run()
#8 {main}
CRITICAL - 2021-05-18 00:49:01 --> Undefined property: CodeIgniter\View\View::$session
#0 D:\Allxampp\7.4\htdocs\vyaapar\app\Views\include\footer.php(152): CodeIgniter\Debug\Exceptions->errorHandler(8, 'Undefined prope...', 'D:\\Allxampp\\7.4...', 152, Array)
#1 D:\Allxampp\7.4\htdocs\vyaapar\vendor\codeigniter4\framework\system\View\View.php(246): include('D:\\Allxampp\\7.4...')
#2 D:\Allxampp\7.4\htdocs\vyaapar\vendor\codeigniter4\framework\system\Common.php(1119): CodeIgniter\View\View->render('include/footer', Array, true)
#3 D:\Allxampp\7.4\htdocs\vyaapar\app\Controllers\vendor\Vendor.php(208): view('include/footer', Array)
#4 D:\Allxampp\7.4\htdocs\vyaapar\vendor\codeigniter4\framework\system\CodeIgniter.php(918): App\Controllers\vendor\Vendor->leadsDetails('8271')
#5 D:\Allxampp\7.4\htdocs\vyaapar\vendor\codeigniter4\framework\system\CodeIgniter.php(404): CodeIgniter\CodeIgniter->runController(Object(App\Controllers\vendor\Vendor))
#6 D:\Allxampp\7.4\htdocs\vyaapar\vendor\codeigniter4\framework\system\CodeIgniter.php(312): CodeIgniter\CodeIgniter->handleRequest(NULL, Object(Config\Cache), false)
#7 D:\Allxampp\7.4\htdocs\vyaapar\public\index.php(45): CodeIgniter\CodeIgniter->run()
#8 {main}
CRITICAL - 2021-05-18 00:49:08 --> Undefined property: CodeIgniter\View\View::$session
#0 D:\Allxampp\7.4\htdocs\vyaapar\app\Views\include\footer.php(152): CodeIgniter\Debug\Exceptions->errorHandler(8, 'Undefined prope...', 'D:\\Allxampp\\7.4...', 152, Array)
#1 D:\Allxampp\7.4\htdocs\vyaapar\vendor\codeigniter4\framework\system\View\View.php(246): include('D:\\Allxampp\\7.4...')
#2 D:\Allxampp\7.4\htdocs\vyaapar\vendor\codeigniter4\framework\system\Common.php(1119): CodeIgniter\View\View->render('include/footer', Array, true)
#3 D:\Allxampp\7.4\htdocs\vyaapar\app\Controllers\vendor\Vendor.php(208): view('include/footer', Array)
#4 D:\Allxampp\7.4\htdocs\vyaapar\vendor\codeigniter4\framework\system\CodeIgniter.php(918): App\Controllers\vendor\Vendor->leadsDetails('8271')
#5 D:\Allxampp\7.4\htdocs\vyaapar\vendor\codeigniter4\framework\system\CodeIgniter.php(404): CodeIgniter\CodeIgniter->runController(Object(App\Controllers\vendor\Vendor))
#6 D:\Allxampp\7.4\htdocs\vyaapar\vendor\codeigniter4\framework\system\CodeIgniter.php(312): CodeIgniter\CodeIgniter->handleRequest(NULL, Object(Config\Cache), false)
#7 D:\Allxampp\7.4\htdocs\vyaapar\public\index.php(45): CodeIgniter\CodeIgniter->run()
#8 {main}
CRITICAL - 2021-05-18 00:50:33 --> Undefined index: flashdata
#0 D:\Allxampp\7.4\htdocs\vyaapar\app\Views\include\footer.php(152): CodeIgniter\Debug\Exceptions->errorHandler(8, 'Undefined index...', 'D:\\Allxampp\\7.4...', 152, Array)
#1 D:\Allxampp\7.4\htdocs\vyaapar\vendor\codeigniter4\framework\system\View\View.php(246): include('D:\\Allxampp\\7.4...')
#2 D:\Allxampp\7.4\htdocs\vyaapar\vendor\codeigniter4\framework\system\Common.php(1119): CodeIgniter\View\View->render('include/footer', Array, true)
#3 D:\Allxampp\7.4\htdocs\vyaapar\app\Controllers\vendor\Vendor.php(208): view('include/footer', Array)
#4 D:\Allxampp\7.4\htdocs\vyaapar\vendor\codeigniter4\framework\system\CodeIgniter.php(918): App\Controllers\vendor\Vendor->leadsDetails('8271')
#5 D:\Allxampp\7.4\htdocs\vyaapar\vendor\codeigniter4\framework\system\CodeIgniter.php(404): CodeIgniter\CodeIgniter->runController(Object(App\Controllers\vendor\Vendor))
#6 D:\Allxampp\7.4\htdocs\vyaapar\vendor\codeigniter4\framework\system\CodeIgniter.php(312): CodeIgniter\CodeIgniter->handleRequest(NULL, Object(Config\Cache), false)
#7 D:\Allxampp\7.4\htdocs\vyaapar\public\index.php(45): CodeIgniter\CodeIgniter->run()
#8 {main}
CRITICAL - 2021-05-18 00:50:38 --> Undefined index: flashdata
#0 D:\Allxampp\7.4\htdocs\vyaapar\app\Views\include\footer.php(152): CodeIgniter\Debug\Exceptions->errorHandler(8, 'Undefined index...', 'D:\\Allxampp\\7.4...', 152, Array)
#1 D:\Allxampp\7.4\htdocs\vyaapar\vendor\codeigniter4\framework\system\View\View.php(246): include('D:\\Allxampp\\7.4...')
#2 D:\Allxampp\7.4\htdocs\vyaapar\vendor\codeigniter4\framework\system\Common.php(1119): CodeIgniter\View\View->render('include/footer', Array, true)
#3 D:\Allxampp\7.4\htdocs\vyaapar\app\Controllers\vendor\Vendor.php(208): view('include/footer', Array)
#4 D:\Allxampp\7.4\htdocs\vyaapar\vendor\codeigniter4\framework\system\CodeIgniter.php(918): App\Controllers\vendor\Vendor->leadsDetails('8271')
#5 D:\Allxampp\7.4\htdocs\vyaapar\vendor\codeigniter4\framework\system\CodeIgniter.php(404): CodeIgniter\CodeIgniter->runController(Object(App\Controllers\vendor\Vendor))
#6 D:\Allxampp\7.4\htdocs\vyaapar\vendor\codeigniter4\framework\system\CodeIgniter.php(312): CodeIgniter\CodeIgniter->handleRequest(NULL, Object(Config\Cache), false)
#7 D:\Allxampp\7.4\htdocs\vyaapar\public\index.php(45): CodeIgniter\CodeIgniter->run()
#8 {main}
CRITICAL - 2021-05-18 00:57:25 --> Call to undefined method CodeIgniter\Session\Session::set_flashdata()
#0 D:\Allxampp\7.4\htdocs\vyaapar\vendor\codeigniter4\framework\system\CodeIgniter.php(918): App\Controllers\vendor\Vendor->leadsDetails('8271')
#1 D:\Allxampp\7.4\htdocs\vyaapar\vendor\codeigniter4\framework\system\CodeIgniter.php(404): CodeIgniter\CodeIgniter->runController(Object(App\Controllers\vendor\Vendor))
#2 D:\Allxampp\7.4\htdocs\vyaapar\vendor\codeigniter4\framework\system\CodeIgniter.php(312): CodeIgniter\CodeIgniter->handleRequest(NULL, Object(Config\Cache), false)
#3 D:\Allxampp\7.4\htdocs\vyaapar\public\index.php(45): CodeIgniter\CodeIgniter->run()
#4 {main}
CRITICAL - 2021-05-18 01:10:36 --> Undefined index: success
#0 D:\Allxampp\7.4\htdocs\vyaapar\app\Views\include\footer.php(155): CodeIgniter\Debug\Exceptions->errorHandler(8, 'Undefined index...', 'D:\\Allxampp\\7.4...', 155, Array)
#1 D:\Allxampp\7.4\htdocs\vyaapar\vendor\codeigniter4\framework\system\View\View.php(246): include('D:\\Allxampp\\7.4...')
#2 D:\Allxampp\7.4\htdocs\vyaapar\vendor\codeigniter4\framework\system\Common.php(1119): CodeIgniter\View\View->render('include/footer', Array, true)
#3 D:\Allxampp\7.4\htdocs\vyaapar\app\Controllers\vendor\Vendor.php(129): view('include/footer', Array)
#4 D:\Allxampp\7.4\htdocs\vyaapar\vendor\codeigniter4\framework\system\CodeIgniter.php(918): App\Controllers\vendor\Vendor->leads()
#5 D:\Allxampp\7.4\htdocs\vyaapar\vendor\codeigniter4\framework\system\CodeIgniter.php(404): CodeIgniter\CodeIgniter->runController(Object(App\Controllers\vendor\Vendor))
#6 D:\Allxampp\7.4\htdocs\vyaapar\vendor\codeigniter4\framework\system\CodeIgniter.php(312): CodeIgniter\CodeIgniter->handleRequest(NULL, Object(Config\Cache), false)
#7 D:\Allxampp\7.4\htdocs\vyaapar\public\index.php(45): CodeIgniter\CodeIgniter->run()
#8 {main}
CRITICAL - 2021-05-18 01:10:43 --> Undefined index: success
#0 D:\Allxampp\7.4\htdocs\vyaapar\app\Views\include\footer.php(155): CodeIgniter\Debug\Exceptions->errorHandler(8, 'Undefined index...', 'D:\\Allxampp\\7.4...', 155, Array)
#1 D:\Allxampp\7.4\htdocs\vyaapar\vendor\codeigniter4\framework\system\View\View.php(246): include('D:\\Allxampp\\7.4...')
#2 D:\Allxampp\7.4\htdocs\vyaapar\vendor\codeigniter4\framework\system\Common.php(1119): CodeIgniter\View\View->render('include/footer', Array, true)
#3 D:\Allxampp\7.4\htdocs\vyaapar\app\Controllers\vendor\Vendor.php(129): view('include/footer', Array)
#4 D:\Allxampp\7.4\htdocs\vyaapar\vendor\codeigniter4\framework\system\CodeIgniter.php(918): App\Controllers\vendor\Vendor->leads()
#5 D:\Allxampp\7.4\htdocs\vyaapar\vendor\codeigniter4\framework\system\CodeIgniter.php(404): CodeIgniter\CodeIgniter->runController(Object(App\Controllers\vendor\Vendor))
#6 D:\Allxampp\7.4\htdocs\vyaapar\vendor\codeigniter4\framework\system\CodeIgniter.php(312): CodeIgniter\CodeIgniter->handleRequest(NULL, Object(Config\Cache), false)
#7 D:\Allxampp\7.4\htdocs\vyaapar\public\index.php(45): CodeIgniter\CodeIgniter->run()
#8 {main}
CRITICAL - 2021-05-18 01:16:19 --> Undefined index: msg
#0 D:\Allxampp\7.4\htdocs\vyaapar\app\Views\include\footer.php(155): CodeIgniter\Debug\Exceptions->errorHandler(8, 'Undefined index...', 'D:\\Allxampp\\7.4...', 155, Array)
#1 D:\Allxampp\7.4\htdocs\vyaapar\vendor\codeigniter4\framework\system\View\View.php(246): include('D:\\Allxampp\\7.4...')
#2 D:\Allxampp\7.4\htdocs\vyaapar\vendor\codeigniter4\framework\system\Common.php(1119): CodeIgniter\View\View->render('include/footer', Array, true)
#3 D:\Allxampp\7.4\htdocs\vyaapar\app\Controllers\vendor\Vendor.php(129): view('include/footer', Array)
#4 D:\Allxampp\7.4\htdocs\vyaapar\vendor\codeigniter4\framework\system\CodeIgniter.php(918): App\Controllers\vendor\Vendor->leads()
#5 D:\Allxampp\7.4\htdocs\vyaapar\vendor\codeigniter4\framework\system\CodeIgniter.php(404): CodeIgniter\CodeIgniter->runController(Object(App\Controllers\vendor\Vendor))
#6 D:\Allxampp\7.4\htdocs\vyaapar\vendor\codeigniter4\framework\system\CodeIgniter.php(312): CodeIgniter\CodeIgniter->handleRequest(NULL, Object(Config\Cache), false)
#7 D:\Allxampp\7.4\htdocs\vyaapar\public\index.php(45): CodeIgniter\CodeIgniter->run()
#8 {main}
CRITICAL - 2021-05-18 01:16:22 --> Undefined index: msg
#0 D:\Allxampp\7.4\htdocs\vyaapar\app\Views\include\footer.php(155): CodeIgniter\Debug\Exceptions->errorHandler(8, 'Undefined index...', 'D:\\Allxampp\\7.4...', 155, Array)
#1 D:\Allxampp\7.4\htdocs\vyaapar\vendor\codeigniter4\framework\system\View\View.php(246): include('D:\\Allxampp\\7.4...')
#2 D:\Allxampp\7.4\htdocs\vyaapar\vendor\codeigniter4\framework\system\Common.php(1119): CodeIgniter\View\View->render('include/footer', Array, true)
#3 D:\Allxampp\7.4\htdocs\vyaapar\app\Controllers\vendor\Vendor.php(129): view('include/footer', Array)
#4 D:\Allxampp\7.4\htdocs\vyaapar\vendor\codeigniter4\framework\system\CodeIgniter.php(918): App\Controllers\vendor\Vendor->leads()
#5 D:\Allxampp\7.4\htdocs\vyaapar\vendor\codeigniter4\framework\system\CodeIgniter.php(404): CodeIgniter\CodeIgniter->runController(Object(App\Controllers\vendor\Vendor))
#6 D:\Allxampp\7.4\htdocs\vyaapar\vendor\codeigniter4\framework\system\CodeIgniter.php(312): CodeIgniter\CodeIgniter->handleRequest(NULL, Object(Config\Cache), false)
#7 D:\Allxampp\7.4\htdocs\vyaapar\public\index.php(45): CodeIgniter\CodeIgniter->run()
#8 {main}
CRITICAL - 2021-05-18 01:27:12 --> Call to undefined function <td>()
#0 D:\Allxampp\7.4\htdocs\vyaapar\vendor\codeigniter4\framework\system\CodeIgniter.php(918): App\Controllers\vendor\Vendor->listLeads()
#1 D:\Allxampp\7.4\htdocs\vyaapar\vendor\codeigniter4\framework\system\CodeIgniter.php(404): CodeIgniter\CodeIgniter->runController(Object(App\Controllers\vendor\Vendor))
#2 D:\Allxampp\7.4\htdocs\vyaapar\vendor\codeigniter4\framework\system\CodeIgniter.php(312): CodeIgniter\CodeIgniter->handleRequest(NULL, Object(Config\Cache), false)
#3 D:\Allxampp\7.4\htdocs\vyaapar\public\index.php(45): CodeIgniter\CodeIgniter->run()
#4 {main}
CRITICAL - 2021-05-18 02:32:13 --> Undefined index: vendor_slug
#0 D:\Allxampp\7.4\htdocs\vyaapar\app\Views\vendor\leads\leadDetails.php(185): CodeIgniter\Debug\Exceptions->errorHandler(8, 'Undefined index...', 'D:\\Allxampp\\7.4...', 185, Array)
#1 D:\Allxampp\7.4\htdocs\vyaapar\vendor\codeigniter4\framework\system\View\View.php(246): include('D:\\Allxampp\\7.4...')
#2 D:\Allxampp\7.4\htdocs\vyaapar\vendor\codeigniter4\framework\system\Common.php(1119): CodeIgniter\View\View->render('vendor/leads/le...', Array, true)
#3 D:\Allxampp\7.4\htdocs\vyaapar\app\Controllers\vendor\Vendor.php(216): view('vendor/leads/le...', Array)
#4 D:\Allxampp\7.4\htdocs\vyaapar\vendor\codeigniter4\framework\system\CodeIgniter.php(918): App\Controllers\vendor\Vendor->leadsDetails('6860')
#5 D:\Allxampp\7.4\htdocs\vyaapar\vendor\codeigniter4\framework\system\CodeIgniter.php(404): CodeIgniter\CodeIgniter->runController(Object(App\Controllers\vendor\Vendor))
#6 D:\Allxampp\7.4\htdocs\vyaapar\vendor\codeigniter4\framework\system\CodeIgniter.php(312): CodeIgniter\CodeIgniter->handleRequest(NULL, Object(Config\Cache), false)
#7 D:\Allxampp\7.4\htdocs\vyaapar\public\index.php(45): CodeIgniter\CodeIgniter->run()
#8 {main}
CRITICAL - 2021-05-18 02:55:57 --> Not unique table/alias: 'tblleads_comment'
#0 D:\Allxampp\7.4\htdocs\vyaapar\vendor\codeigniter4\framework\system\Database\MySQLi\Connection.php(331): mysqli->query('SELECT `tbllead...')
#1 D:\Allxampp\7.4\htdocs\vyaapar\vendor\codeigniter4\framework\system\Database\BaseConnection.php(741): CodeIgniter\Database\MySQLi\Connection->execute('SELECT `tbllead...')
#2 D:\Allxampp\7.4\htdocs\vyaapar\vendor\codeigniter4\framework\system\Database\BaseConnection.php(669): CodeIgniter\Database\BaseConnection->simpleQuery('SELECT `tbllead...')
#3 D:\Allxampp\7.4\htdocs\vyaapar\vendor\codeigniter4\framework\system\Database\BaseBuilder.php(1860): CodeIgniter\Database\BaseConnection->query('SELECT `tbllead...', Array, false)
#4 D:\Allxampp\7.4\htdocs\vyaapar\app\Models\Leadcomment_model.php(40): CodeIgniter\Database\BaseBuilder->get()
#5 D:\Allxampp\7.4\htdocs\vyaapar\app\Controllers\vendor\Vendor.php(194): App\Models\Leadcomment_model->getLeadComments('1')
#6 D:\Allxampp\7.4\htdocs\vyaapar\vendor\codeigniter4\framework\system\CodeIgniter.php(918): App\Controllers\vendor\Vendor->leadsDetails('6860')
#7 D:\Allxampp\7.4\htdocs\vyaapar\vendor\codeigniter4\framework\system\CodeIgniter.php(404): CodeIgniter\CodeIgniter->runController(Object(App\Controllers\vendor\Vendor))
#8 D:\Allxampp\7.4\htdocs\vyaapar\vendor\codeigniter4\framework\system\CodeIgniter.php(312): CodeIgniter\CodeIgniter->handleRequest(NULL, Object(Config\Cache), false)
#9 D:\Allxampp\7.4\htdocs\vyaapar\public\index.php(45): CodeIgniter\CodeIgniter->run()
#10 {main}
CRITICAL - 2021-05-18 02:57:00 --> Not unique table/alias: 'tblleads_comment'
#0 D:\Allxampp\7.4\htdocs\vyaapar\vendor\codeigniter4\framework\system\Database\MySQLi\Connection.php(331): mysqli->query('SELECT `tbllead...')
#1 D:\Allxampp\7.4\htdocs\vyaapar\vendor\codeigniter4\framework\system\Database\BaseConnection.php(741): CodeIgniter\Database\MySQLi\Connection->execute('SELECT `tbllead...')
#2 D:\Allxampp\7.4\htdocs\vyaapar\vendor\codeigniter4\framework\system\Database\BaseConnection.php(669): CodeIgniter\Database\BaseConnection->simpleQuery('SELECT `tbllead...')
#3 D:\Allxampp\7.4\htdocs\vyaapar\vendor\codeigniter4\framework\system\Database\BaseBuilder.php(1860): CodeIgniter\Database\BaseConnection->query('SELECT `tbllead...', Array, false)
#4 D:\Allxampp\7.4\htdocs\vyaapar\app\Models\Leadcomment_model.php(40): CodeIgniter\Database\BaseBuilder->get()
#5 D:\Allxampp\7.4\htdocs\vyaapar\app\Controllers\vendor\Vendor.php(194): App\Models\Leadcomment_model->getLeadComments('1')
#6 D:\Allxampp\7.4\htdocs\vyaapar\vendor\codeigniter4\framework\system\CodeIgniter.php(918): App\Controllers\vendor\Vendor->leadsDetails('6860')
#7 D:\Allxampp\7.4\htdocs\vyaapar\vendor\codeigniter4\framework\system\CodeIgniter.php(404): CodeIgniter\CodeIgniter->runController(Object(App\Controllers\vendor\Vendor))
#8 D:\Allxampp\7.4\htdocs\vyaapar\vendor\codeigniter4\framework\system\CodeIgniter.php(312): CodeIgniter\CodeIgniter->handleRequest(NULL, Object(Config\Cache), false)
#9 D:\Allxampp\7.4\htdocs\vyaapar\public\index.php(45): CodeIgniter\CodeIgniter->run()
#10 {main}
CRITICAL - 2021-05-18 02:57:54 --> Unknown column 'tblvendor_master.vendor_name' in 'field list'
#0 D:\Allxampp\7.4\htdocs\vyaapar\vendor\codeigniter4\framework\system\Database\MySQLi\Connection.php(331): mysqli->query('SELECT `tbllead...')
#1 D:\Allxampp\7.4\htdocs\vyaapar\vendor\codeigniter4\framework\system\Database\BaseConnection.php(741): CodeIgniter\Database\MySQLi\Connection->execute('SELECT `tbllead...')
#2 D:\Allxampp\7.4\htdocs\vyaapar\vendor\codeigniter4\framework\system\Database\BaseConnection.php(669): CodeIgniter\Database\BaseConnection->simpleQuery('SELECT `tbllead...')
#3 D:\Allxampp\7.4\htdocs\vyaapar\vendor\codeigniter4\framework\system\Database\BaseBuilder.php(1860): CodeIgniter\Database\BaseConnection->query('SELECT `tbllead...', Array, false)
#4 D:\Allxampp\7.4\htdocs\vyaapar\app\Models\Leadcomment_model.php(40): CodeIgniter\Database\BaseBuilder->get()
#5 D:\Allxampp\7.4\htdocs\vyaapar\app\Controllers\vendor\Vendor.php(194): App\Models\Leadcomment_model->getLeadComments('1')
#6 D:\Allxampp\7.4\htdocs\vyaapar\vendor\codeigniter4\framework\system\CodeIgniter.php(918): App\Controllers\vendor\Vendor->leadsDetails('6860')
#7 D:\Allxampp\7.4\htdocs\vyaapar\vendor\codeigniter4\framework\system\CodeIgniter.php(404): CodeIgniter\CodeIgniter->runController(Object(App\Controllers\vendor\Vendor))
#8 D:\Allxampp\7.4\htdocs\vyaapar\vendor\codeigniter4\framework\system\CodeIgniter.php(312): CodeIgniter\CodeIgniter->handleRequest(NULL, Object(Config\Cache), false)
#9 D:\Allxampp\7.4\htdocs\vyaapar\public\index.php(45): CodeIgniter\CodeIgniter->run()
#10 {main}
CRITICAL - 2021-05-18 03:18:51 --> Unknown column 'id' in 'order clause'
#0 D:\Allxampp\7.4\htdocs\vyaapar\vendor\codeigniter4\framework\system\Database\MySQLi\Connection.php(331): mysqli->query('SELECT `tbllead...')
#1 D:\Allxampp\7.4\htdocs\vyaapar\vendor\codeigniter4\framework\system\Database\BaseConnection.php(741): CodeIgniter\Database\MySQLi\Connection->execute('SELECT `tbllead...')
#2 D:\Allxampp\7.4\htdocs\vyaapar\vendor\codeigniter4\framework\system\Database\BaseConnection.php(669): CodeIgniter\Database\BaseConnection->simpleQuery('SELECT `tbllead...')
#3 D:\Allxampp\7.4\htdocs\vyaapar\vendor\codeigniter4\framework\system\Database\BaseBuilder.php(1860): CodeIgniter\Database\BaseConnection->query('SELECT `tbllead...', Array, false)
#4 D:\Allxampp\7.4\htdocs\vyaapar\app\Models\Leadcomment_model.php(40): CodeIgniter\Database\BaseBuilder->get()
#5 D:\Allxampp\7.4\htdocs\vyaapar\app\Controllers\admin\Leads.php(245): App\Models\Leadcomment_model->getLeadComments('1')
#6 D:\Allxampp\7.4\htdocs\vyaapar\vendor\codeigniter4\framework\system\CodeIgniter.php(918): App\Controllers\admin\Leads->leadsDetails('6860')
#7 D:\Allxampp\7.4\htdocs\vyaapar\vendor\codeigniter4\framework\system\CodeIgniter.php(404): CodeIgniter\CodeIgniter->runController(Object(App\Controllers\admin\Leads))
#8 D:\Allxampp\7.4\htdocs\vyaapar\vendor\codeigniter4\framework\system\CodeIgniter.php(312): CodeIgniter\CodeIgniter->handleRequest(NULL, Object(Config\Cache), false)
#9 D:\Allxampp\7.4\htdocs\vyaapar\public\index.php(45): CodeIgniter\CodeIgniter->run()
#10 {main}
CRITICAL - 2021-05-18 03:26:43 --> Undefined index: vendor_name
#0 D:\Allxampp\7.4\htdocs\vyaapar\app\Views\admin\vendor\vendorDetails.php(41): CodeIgniter\Debug\Exceptions->errorHandler(8, 'Undefined index...', 'D:\\Allxampp\\7.4...', 41, Array)
#1 D:\Allxampp\7.4\htdocs\vyaapar\vendor\codeigniter4\framework\system\View\View.php(246): include('D:\\Allxampp\\7.4...')
#2 D:\Allxampp\7.4\htdocs\vyaapar\vendor\codeigniter4\framework\system\Common.php(1119): CodeIgniter\View\View->render('admin/vendor/ve...', Array, true)
#3 D:\Allxampp\7.4\htdocs\vyaapar\app\Controllers\admin\Vendor.php(348): view('admin/vendor/ve...', Array)
#4 D:\Allxampp\7.4\htdocs\vyaapar\vendor\codeigniter4\framework\system\CodeIgniter.php(918): App\Controllers\admin\Vendor->details('20582')
#5 D:\Allxampp\7.4\htdocs\vyaapar\vendor\codeigniter4\framework\system\CodeIgniter.php(404): CodeIgniter\CodeIgniter->runController(Object(App\Controllers\admin\Vendor))
#6 D:\Allxampp\7.4\htdocs\vyaapar\vendor\codeigniter4\framework\system\CodeIgniter.php(312): CodeIgniter\CodeIgniter->handleRequest(NULL, Object(Config\Cache), false)
#7 D:\Allxampp\7.4\htdocs\vyaapar\public\index.php(45): CodeIgniter\CodeIgniter->run()
#8 {main}
CRITICAL - 2021-05-18 03:26:48 --> Undefined index: vendor_name
#0 D:\Allxampp\7.4\htdocs\vyaapar\app\Views\admin\vendor\vendorDetails.php(41): CodeIgniter\Debug\Exceptions->errorHandler(8, 'Undefined index...', 'D:\\Allxampp\\7.4...', 41, Array)
#1 D:\Allxampp\7.4\htdocs\vyaapar\vendor\codeigniter4\framework\system\View\View.php(246): include('D:\\Allxampp\\7.4...')
#2 D:\Allxampp\7.4\htdocs\vyaapar\vendor\codeigniter4\framework\system\Common.php(1119): CodeIgniter\View\View->render('admin/vendor/ve...', Array, true)
#3 D:\Allxampp\7.4\htdocs\vyaapar\app\Controllers\admin\Vendor.php(348): view('admin/vendor/ve...', Array)
#4 D:\Allxampp\7.4\htdocs\vyaapar\vendor\codeigniter4\framework\system\CodeIgniter.php(918): App\Controllers\admin\Vendor->details('20582')
#5 D:\Allxampp\7.4\htdocs\vyaapar\vendor\codeigniter4\framework\system\CodeIgniter.php(404): CodeIgniter\CodeIgniter->runController(Object(App\Controllers\admin\Vendor))
#6 D:\Allxampp\7.4\htdocs\vyaapar\vendor\codeigniter4\framework\system\CodeIgniter.php(312): CodeIgniter\CodeIgniter->handleRequest(NULL, Object(Config\Cache), false)
#7 D:\Allxampp\7.4\htdocs\vyaapar\public\index.php(45): CodeIgniter\CodeIgniter->run()
#8 {main}
CRITICAL - 2021-05-18 03:29:33 --> Trying to get property 'vendor_name' of non-object
#0 D:\Allxampp\7.4\htdocs\vyaapar\app\Views\admin\vendor\vendorDetails.php(41): CodeIgniter\Debug\Exceptions->errorHandler(8, 'Trying to get p...', 'D:\\Allxampp\\7.4...', 41, Array)
#1 D:\Allxampp\7.4\htdocs\vyaapar\vendor\codeigniter4\framework\system\View\View.php(246): include('D:\\Allxampp\\7.4...')
#2 D:\Allxampp\7.4\htdocs\vyaapar\vendor\codeigniter4\framework\system\Common.php(1119): CodeIgniter\View\View->render('admin/vendor/ve...', Array, true)
#3 D:\Allxampp\7.4\htdocs\vyaapar\app\Controllers\admin\Vendor.php(348): view('admin/vendor/ve...', Array)
#4 D:\Allxampp\7.4\htdocs\vyaapar\vendor\codeigniter4\framework\system\CodeIgniter.php(918): App\Controllers\admin\Vendor->details('20582')
#5 D:\Allxampp\7.4\htdocs\vyaapar\vendor\codeigniter4\framework\system\CodeIgniter.php(404): CodeIgniter\CodeIgniter->runController(Object(App\Controllers\admin\Vendor))
#6 D:\Allxampp\7.4\htdocs\vyaapar\vendor\codeigniter4\framework\system\CodeIgniter.php(312): CodeIgniter\CodeIgniter->handleRequest(NULL, Object(Config\Cache), false)
#7 D:\Allxampp\7.4\htdocs\vyaapar\public\index.php(45): CodeIgniter\CodeIgniter->run()
#8 {main}
CRITICAL - 2021-05-18 09:34:15 --> Class 'App\Models\SaleasAssociate_model' not found
#0 D:\Allxampp\7.4\htdocs\vyaapar\vendor\codeigniter4\framework\system\CodeIgniter.php(890): App\Controllers\client\Home->__construct()
#1 D:\Allxampp\7.4\htdocs\vyaapar\vendor\codeigniter4\framework\system\CodeIgniter.php(399): CodeIgniter\CodeIgniter->createController()
#2 D:\Allxampp\7.4\htdocs\vyaapar\vendor\codeigniter4\framework\system\CodeIgniter.php(312): CodeIgniter\CodeIgniter->handleRequest(NULL, Object(Config\Cache), false)
#3 D:\Allxampp\7.4\htdocs\vyaapar\public\index.php(45): CodeIgniter\CodeIgniter->run()
#4 {main}
CRITICAL - 2021-05-18 09:34:21 --> Class 'App\Models\SaleasAssociate_model' not found
#0 D:\Allxampp\7.4\htdocs\vyaapar\vendor\codeigniter4\framework\system\CodeIgniter.php(890): App\Controllers\client\Home->__construct()
#1 D:\Allxampp\7.4\htdocs\vyaapar\vendor\codeigniter4\framework\system\CodeIgniter.php(399): CodeIgniter\CodeIgniter->createController()
#2 D:\Allxampp\7.4\htdocs\vyaapar\vendor\codeigniter4\framework\system\CodeIgniter.php(312): CodeIgniter\CodeIgniter->handleRequest(NULL, Object(Config\Cache), false)
#3 D:\Allxampp\7.4\htdocs\vyaapar\public\index.php(45): CodeIgniter\CodeIgniter->run()
#4 {main}
