CRITICAL - 2021-04-21 09:13:16 --> Undefined property: App\Controllers\admin\Customer::$leadsModel
#0 D:\Allxampp\7.4\htdocs\vyaapar\app\Controllers\admin\Customer.php(229): CodeIgniter\Debug\Exceptions->errorHandler(8, 'Undefined prope...', 'D:\\Allxampp\\7.4...', 229, Array)
#1 D:\Allxampp\7.4\htdocs\vyaapar\vendor\codeigniter4\framework\system\CodeIgniter.php(918): App\Controllers\admin\Customer->get_customer()
#2 D:\Allxampp\7.4\htdocs\vyaapar\vendor\codeigniter4\framework\system\CodeIgniter.php(404): CodeIgniter\CodeIgniter->runController(Object(App\Controllers\admin\Customer))
#3 D:\Allxampp\7.4\htdocs\vyaapar\vendor\codeigniter4\framework\system\CodeIgniter.php(312): CodeIgniter\CodeIgniter->handleRequest(NULL, Object(Config\Cache), false)
#4 D:\Allxampp\7.4\htdocs\vyaapar\public\index.php(45): CodeIgniter\CodeIgniter->run()
#5 {main}
CRITICAL - 2021-04-21 09:13:19 --> Undefined property: App\Controllers\admin\Customer::$leadsModel
#0 D:\Allxampp\7.4\htdocs\vyaapar\app\Controllers\admin\Customer.php(229): CodeIgniter\Debug\Exceptions->errorHandler(8, 'Undefined prope...', 'D:\\Allxampp\\7.4...', 229, Array)
#1 D:\Allxampp\7.4\htdocs\vyaapar\vendor\codeigniter4\framework\system\CodeIgniter.php(918): App\Controllers\admin\Customer->get_customer()
#2 D:\Allxampp\7.4\htdocs\vyaapar\vendor\codeigniter4\framework\system\CodeIgniter.php(404): CodeIgniter\CodeIgniter->runController(Object(App\Controllers\admin\Customer))
#3 D:\Allxampp\7.4\htdocs\vyaapar\vendor\codeigniter4\framework\system\CodeIgniter.php(312): CodeIgniter\CodeIgniter->handleRequest(NULL, Object(Config\Cache), false)
#4 D:\Allxampp\7.4\htdocs\vyaapar\public\index.php(45): CodeIgniter\CodeIgniter->run()
#5 {main}
CRITICAL - 2021-04-21 09:13:19 --> Undefined property: App\Controllers\admin\Customer::$leadsModel
#0 D:\Allxampp\7.4\htdocs\vyaapar\app\Controllers\admin\Customer.php(229): CodeIgniter\Debug\Exceptions->errorHandler(8, 'Undefined prope...', 'D:\\Allxampp\\7.4...', 229, Array)
#1 D:\Allxampp\7.4\htdocs\vyaapar\vendor\codeigniter4\framework\system\CodeIgniter.php(918): App\Controllers\admin\Customer->get_customer()
#2 D:\Allxampp\7.4\htdocs\vyaapar\vendor\codeigniter4\framework\system\CodeIgniter.php(404): CodeIgniter\CodeIgniter->runController(Object(App\Controllers\admin\Customer))
#3 D:\Allxampp\7.4\htdocs\vyaapar\vendor\codeigniter4\framework\system\CodeIgniter.php(312): CodeIgniter\CodeIgniter->handleRequest(NULL, Object(Config\Cache), false)
#4 D:\Allxampp\7.4\htdocs\vyaapar\public\index.php(45): CodeIgniter\CodeIgniter->run()
#5 {main}
CRITICAL - 2021-04-21 09:13:19 --> Undefined property: App\Controllers\admin\Customer::$leadsModel
#0 D:\Allxampp\7.4\htdocs\vyaapar\app\Controllers\admin\Customer.php(229): CodeIgniter\Debug\Exceptions->errorHandler(8, 'Undefined prope...', 'D:\\Allxampp\\7.4...', 229, Array)
#1 D:\Allxampp\7.4\htdocs\vyaapar\vendor\codeigniter4\framework\system\CodeIgniter.php(918): App\Controllers\admin\Customer->get_customer()
#2 D:\Allxampp\7.4\htdocs\vyaapar\vendor\codeigniter4\framework\system\CodeIgniter.php(404): CodeIgniter\CodeIgniter->runController(Object(App\Controllers\admin\Customer))
#3 D:\Allxampp\7.4\htdocs\vyaapar\vendor\codeigniter4\framework\system\CodeIgniter.php(312): CodeIgniter\CodeIgniter->handleRequest(NULL, Object(Config\Cache), false)
#4 D:\Allxampp\7.4\htdocs\vyaapar\public\index.php(45): CodeIgniter\CodeIgniter->run()
#5 {main}
