CRITICAL - 2020-12-25 03:02:49 --> Column 'ssm_name' cannot be null
#0 /opt/lampp/htdocs/SystemManager/vendor/codeigniter4/framework/system/Database/MySQLi/Connection.php(331): mysqli->query('INSERT INTO `sm...')
#1 /opt/lampp/htdocs/SystemManager/vendor/codeigniter4/framework/system/Database/BaseConnection.php(741): CodeIgniter\Database\MySQLi\Connection->execute('INSERT INTO `sm...')
#2 /opt/lampp/htdocs/SystemManager/vendor/codeigniter4/framework/system/Database/BaseConnection.php(669): CodeIgniter\Database\BaseConnection->simpleQuery('INSERT INTO `sm...')
#3 /opt/lampp/htdocs/SystemManager/vendor/codeigniter4/framework/system/Database/BaseBuilder.php(2249): CodeIgniter\Database\BaseConnection->query('INSERT INTO `sm...', Array, false)
#4 /opt/lampp/htdocs/SystemManager/app/Models/Settiing_model.php(24): CodeIgniter\Database\BaseBuilder->insert(Array)
#5 /opt/lampp/htdocs/SystemManager/app/Controllers/admin/Setting.php(50): App\Models\Settiing_model->addSetting(Array, NULL)
#6 /opt/lampp/htdocs/SystemManager/vendor/codeigniter4/framework/system/CodeIgniter.php(918): App\Controllers\admin\Setting->addSetting()
#7 /opt/lampp/htdocs/SystemManager/vendor/codeigniter4/framework/system/CodeIgniter.php(404): CodeIgniter\CodeIgniter->runController(Object(App\Controllers\admin\Setting))
#8 /opt/lampp/htdocs/SystemManager/vendor/codeigniter4/framework/system/CodeIgniter.php(312): CodeIgniter\CodeIgniter->handleRequest(NULL, Object(Config\Cache), false)
#9 /opt/lampp/htdocs/SystemManager/public/index.php(45): CodeIgniter\CodeIgniter->run()
#10 {main}
CRITICAL - 2020-12-25 03:10:03 --> Undefined index: sam_admin_image
#0 /opt/lampp/htdocs/SystemManager/app/Controllers/admin/Setting.php(46): CodeIgniter\Debug\Exceptions->errorHandler(8, 'Undefined index...', '/opt/lampp/htdo...', 46, Array)
#1 /opt/lampp/htdocs/SystemManager/vendor/codeigniter4/framework/system/CodeIgniter.php(918): App\Controllers\admin\Setting->addSetting()
#2 /opt/lampp/htdocs/SystemManager/vendor/codeigniter4/framework/system/CodeIgniter.php(404): CodeIgniter\CodeIgniter->runController(Object(App\Controllers\admin\Setting))
#3 /opt/lampp/htdocs/SystemManager/vendor/codeigniter4/framework/system/CodeIgniter.php(312): CodeIgniter\CodeIgniter->handleRequest(NULL, Object(Config\Cache), false)
#4 /opt/lampp/htdocs/SystemManager/public/index.php(45): CodeIgniter\CodeIgniter->run()
#5 {main}
CRITICAL - 2020-12-25 03:55:46 --> Undefined variable: id
#0 /opt/lampp/htdocs/SystemManager/app/Controllers/admin/Setting.php(30): CodeIgniter\Debug\Exceptions->errorHandler(8, 'Undefined varia...', '/opt/lampp/htdo...', 30, Array)
#1 /opt/lampp/htdocs/SystemManager/vendor/codeigniter4/framework/system/CodeIgniter.php(918): App\Controllers\admin\Setting->addSetting()
#2 /opt/lampp/htdocs/SystemManager/vendor/codeigniter4/framework/system/CodeIgniter.php(404): CodeIgniter\CodeIgniter->runController(Object(App\Controllers\admin\Setting))
#3 /opt/lampp/htdocs/SystemManager/vendor/codeigniter4/framework/system/CodeIgniter.php(312): CodeIgniter\CodeIgniter->handleRequest(NULL, Object(Config\Cache), false)
#4 /opt/lampp/htdocs/SystemManager/public/index.php(45): CodeIgniter\CodeIgniter->run()
#5 {main}
CRITICAL - 2020-12-25 04:27:24 --> Not unique table/alias: 'sm_user_master'
#0 /opt/lampp/htdocs/SystemManager/vendor/codeigniter4/framework/system/Database/MySQLi/Connection.php(331): mysqli->query('SELECT `slm_lea...')
#1 /opt/lampp/htdocs/SystemManager/vendor/codeigniter4/framework/system/Database/BaseConnection.php(741): CodeIgniter\Database\MySQLi\Connection->execute('SELECT `slm_lea...')
#2 /opt/lampp/htdocs/SystemManager/vendor/codeigniter4/framework/system/Database/BaseConnection.php(669): CodeIgniter\Database\BaseConnection->simpleQuery('SELECT `slm_lea...')
#3 /opt/lampp/htdocs/SystemManager/vendor/codeigniter4/framework/system/Database/BaseBuilder.php(1860): CodeIgniter\Database\BaseConnection->query('SELECT `slm_lea...', Array, false)
#4 /opt/lampp/htdocs/SystemManager/app/Models/Leads_model.php(65): CodeIgniter\Database\BaseBuilder->get()
#5 /opt/lampp/htdocs/SystemManager/app/Controllers/admin/Leads.php(93): App\Models\Leads_model->get_datatables(Array)
#6 /opt/lampp/htdocs/SystemManager/vendor/codeigniter4/framework/system/CodeIgniter.php(918): App\Controllers\admin\Leads->listLeads()
#7 /opt/lampp/htdocs/SystemManager/vendor/codeigniter4/framework/system/CodeIgniter.php(404): CodeIgniter\CodeIgniter->runController(Object(App\Controllers\admin\Leads))
#8 /opt/lampp/htdocs/SystemManager/vendor/codeigniter4/framework/system/CodeIgniter.php(312): CodeIgniter\CodeIgniter->handleRequest(NULL, Object(Config\Cache), false)
#9 /opt/lampp/htdocs/SystemManager/public/index.php(45): CodeIgniter\CodeIgniter->run()
#10 {main}
CRITICAL - 2020-12-25 04:28:58 --> Not unique table/alias: 'sm_user_master'
#0 /opt/lampp/htdocs/SystemManager/vendor/codeigniter4/framework/system/Database/MySQLi/Connection.php(331): mysqli->query('SELECT `slm_lea...')
#1 /opt/lampp/htdocs/SystemManager/vendor/codeigniter4/framework/system/Database/BaseConnection.php(741): CodeIgniter\Database\MySQLi\Connection->execute('SELECT `slm_lea...')
#2 /opt/lampp/htdocs/SystemManager/vendor/codeigniter4/framework/system/Database/BaseConnection.php(669): CodeIgniter\Database\BaseConnection->simpleQuery('SELECT `slm_lea...')
#3 /opt/lampp/htdocs/SystemManager/vendor/codeigniter4/framework/system/Database/BaseBuilder.php(1860): CodeIgniter\Database\BaseConnection->query('SELECT `slm_lea...', Array, false)
#4 /opt/lampp/htdocs/SystemManager/app/Models/Leads_model.php(65): CodeIgniter\Database\BaseBuilder->get()
#5 /opt/lampp/htdocs/SystemManager/app/Controllers/admin/Leads.php(93): App\Models\Leads_model->get_datatables(Array)
#6 /opt/lampp/htdocs/SystemManager/vendor/codeigniter4/framework/system/CodeIgniter.php(918): App\Controllers\admin\Leads->listLeads()
#7 /opt/lampp/htdocs/SystemManager/vendor/codeigniter4/framework/system/CodeIgniter.php(404): CodeIgniter\CodeIgniter->runController(Object(App\Controllers\admin\Leads))
#8 /opt/lampp/htdocs/SystemManager/vendor/codeigniter4/framework/system/CodeIgniter.php(312): CodeIgniter\CodeIgniter->handleRequest(NULL, Object(Config\Cache), false)
#9 /opt/lampp/htdocs/SystemManager/public/index.php(45): CodeIgniter\CodeIgniter->run()
#10 {main}
CRITICAL - 2020-12-25 04:47:16 --> Undefined index: sum_user_name
#0 /opt/lampp/htdocs/SystemManager/app/Controllers/admin/Leads.php(100): CodeIgniter\Debug\Exceptions->errorHandler(8, 'Undefined index...', '/opt/lampp/htdo...', 100, Array)
#1 /opt/lampp/htdocs/SystemManager/vendor/codeigniter4/framework/system/CodeIgniter.php(918): App\Controllers\admin\Leads->listLeads()
#2 /opt/lampp/htdocs/SystemManager/vendor/codeigniter4/framework/system/CodeIgniter.php(404): CodeIgniter\CodeIgniter->runController(Object(App\Controllers\admin\Leads))
#3 /opt/lampp/htdocs/SystemManager/vendor/codeigniter4/framework/system/CodeIgniter.php(312): CodeIgniter\CodeIgniter->handleRequest(NULL, Object(Config\Cache), false)
#4 /opt/lampp/htdocs/SystemManager/public/index.php(45): CodeIgniter\CodeIgniter->run()
#5 {main}
CRITICAL - 2020-12-25 04:47:22 --> Undefined index: sum_user_name
#0 /opt/lampp/htdocs/SystemManager/app/Controllers/admin/Leads.php(100): CodeIgniter\Debug\Exceptions->errorHandler(8, 'Undefined index...', '/opt/lampp/htdo...', 100, Array)
#1 /opt/lampp/htdocs/SystemManager/vendor/codeigniter4/framework/system/CodeIgniter.php(918): App\Controllers\admin\Leads->listLeads()
#2 /opt/lampp/htdocs/SystemManager/vendor/codeigniter4/framework/system/CodeIgniter.php(404): CodeIgniter\CodeIgniter->runController(Object(App\Controllers\admin\Leads))
#3 /opt/lampp/htdocs/SystemManager/vendor/codeigniter4/framework/system/CodeIgniter.php(312): CodeIgniter\CodeIgniter->handleRequest(NULL, Object(Config\Cache), false)
#4 /opt/lampp/htdocs/SystemManager/public/index.php(45): CodeIgniter\CodeIgniter->run()
#5 {main}
CRITICAL - 2020-12-25 04:50:03 --> Undefined index: slm_id
#0 /opt/lampp/htdocs/SystemManager/app/Controllers/admin/Leads.php(106): CodeIgniter\Debug\Exceptions->errorHandler(8, 'Undefined index...', '/opt/lampp/htdo...', 106, Array)
#1 /opt/lampp/htdocs/SystemManager/vendor/codeigniter4/framework/system/CodeIgniter.php(918): App\Controllers\admin\Leads->listLeads()
#2 /opt/lampp/htdocs/SystemManager/vendor/codeigniter4/framework/system/CodeIgniter.php(404): CodeIgniter\CodeIgniter->runController(Object(App\Controllers\admin\Leads))
#3 /opt/lampp/htdocs/SystemManager/vendor/codeigniter4/framework/system/CodeIgniter.php(312): CodeIgniter\CodeIgniter->handleRequest(NULL, Object(Config\Cache), false)
#4 /opt/lampp/htdocs/SystemManager/public/index.php(45): CodeIgniter\CodeIgniter->run()
#5 {main}
CRITICAL - 2020-12-25 04:52:44 --> A non well formed numeric value encountered
#0 [internal function]: CodeIgniter\Debug\Exceptions->errorHandler(8, 'A non well form...', '/opt/lampp/htdo...', 104, Array)
#1 /opt/lampp/htdocs/SystemManager/app/Controllers/admin/Leads.php(104): date('d,M Y h:i A', '2020-12-25 16:1...')
#2 /opt/lampp/htdocs/SystemManager/vendor/codeigniter4/framework/system/CodeIgniter.php(918): App\Controllers\admin\Leads->listLeads()
#3 /opt/lampp/htdocs/SystemManager/vendor/codeigniter4/framework/system/CodeIgniter.php(404): CodeIgniter\CodeIgniter->runController(Object(App\Controllers\admin\Leads))
#4 /opt/lampp/htdocs/SystemManager/vendor/codeigniter4/framework/system/CodeIgniter.php(312): CodeIgniter\CodeIgniter->handleRequest(NULL, Object(Config\Cache), false)
#5 /opt/lampp/htdocs/SystemManager/public/index.php(45): CodeIgniter\CodeIgniter->run()
#6 {main}
CRITICAL - 2020-12-25 04:52:56 --> A non well formed numeric value encountered
#0 [internal function]: CodeIgniter\Debug\Exceptions->errorHandler(8, 'A non well form...', '/opt/lampp/htdo...', 104, Array)
#1 /opt/lampp/htdocs/SystemManager/app/Controllers/admin/Leads.php(104): date('d,M Y h:i A', '2020-12-25 16:1...')
#2 /opt/lampp/htdocs/SystemManager/vendor/codeigniter4/framework/system/CodeIgniter.php(918): App\Controllers\admin\Leads->listLeads()
#3 /opt/lampp/htdocs/SystemManager/vendor/codeigniter4/framework/system/CodeIgniter.php(404): CodeIgniter\CodeIgniter->runController(Object(App\Controllers\admin\Leads))
#4 /opt/lampp/htdocs/SystemManager/vendor/codeigniter4/framework/system/CodeIgniter.php(312): CodeIgniter\CodeIgniter->handleRequest(NULL, Object(Config\Cache), false)
#5 /opt/lampp/htdocs/SystemManager/public/index.php(45): CodeIgniter\CodeIgniter->run()
#6 {main}
CRITICAL - 2020-12-25 06:03:07 --> syntax error, unexpected '}'
#0 /opt/lampp/htdocs/SystemManager/vendor/codeigniter4/framework/system/Autoloader/Autoloader.php(296): CodeIgniter\Autoloader\Autoloader->requireFile('/opt/lampp/htdo...')
#1 /opt/lampp/htdocs/SystemManager/vendor/codeigniter4/framework/system/Autoloader/Autoloader.php(258): CodeIgniter\Autoloader\Autoloader->loadInNamespace('App\\Models\\Lead...')
#2 [internal function]: CodeIgniter\Autoloader\Autoloader->loadClass('App\\Models\\Lead...')
#3 /opt/lampp/htdocs/SystemManager/app/Controllers/admin/Leads.php(18): spl_autoload_call('App\\Models\\Lead...')
#4 /opt/lampp/htdocs/SystemManager/vendor/codeigniter4/framework/system/CodeIgniter.php(890): App\Controllers\admin\Leads->__construct()
#5 /opt/lampp/htdocs/SystemManager/vendor/codeigniter4/framework/system/CodeIgniter.php(399): CodeIgniter\CodeIgniter->createController()
#6 /opt/lampp/htdocs/SystemManager/vendor/codeigniter4/framework/system/CodeIgniter.php(312): CodeIgniter\CodeIgniter->handleRequest(NULL, Object(Config\Cache), false)
#7 /opt/lampp/htdocs/SystemManager/public/index.php(45): CodeIgniter\CodeIgniter->run()
#8 {main}
CRITICAL - 2020-12-25 06:03:22 --> Unknown column 'sm_user_master' in 'field list'
#0 /opt/lampp/htdocs/SystemManager/vendor/codeigniter4/framework/system/Database/MySQLi/Connection.php(331): mysqli->query('SELECT `sm_lead...')
#1 /opt/lampp/htdocs/SystemManager/vendor/codeigniter4/framework/system/Database/BaseConnection.php(741): CodeIgniter\Database\MySQLi\Connection->execute('SELECT `sm_lead...')
#2 /opt/lampp/htdocs/SystemManager/vendor/codeigniter4/framework/system/Database/BaseConnection.php(669): CodeIgniter\Database\BaseConnection->simpleQuery('SELECT `sm_lead...')
#3 /opt/lampp/htdocs/SystemManager/vendor/codeigniter4/framework/system/Database/BaseBuilder.php(1860): CodeIgniter\Database\BaseConnection->query('SELECT `sm_lead...', Array, false)
#4 /opt/lampp/htdocs/SystemManager/app/Models/Leads_model.php(85): CodeIgniter\Database\BaseBuilder->get()
#5 /opt/lampp/htdocs/SystemManager/app/Controllers/admin/Leads.php(123): App\Models\Leads_model->getLeadData('1')
#6 /opt/lampp/htdocs/SystemManager/vendor/codeigniter4/framework/system/CodeIgniter.php(918): App\Controllers\admin\Leads->getLeadData()
#7 /opt/lampp/htdocs/SystemManager/vendor/codeigniter4/framework/system/CodeIgniter.php(404): CodeIgniter\CodeIgniter->runController(Object(App\Controllers\admin\Leads))
#8 /opt/lampp/htdocs/SystemManager/vendor/codeigniter4/framework/system/CodeIgniter.php(312): CodeIgniter\CodeIgniter->handleRequest(NULL, Object(Config\Cache), false)
#9 /opt/lampp/htdocs/SystemManager/public/index.php(45): CodeIgniter\CodeIgniter->run()
#10 {main}
CRITICAL - 2020-12-25 06:58:53 --> Trying to get property 'connID' of non-object
#0 /opt/lampp/htdocs/SystemManager/app/Controllers/admin/Leads.php(67): CodeIgniter\Debug\Exceptions->errorHandler(8, 'Trying to get p...', '/opt/lampp/htdo...', 67, Array)
#1 /opt/lampp/htdocs/SystemManager/vendor/codeigniter4/framework/system/CodeIgniter.php(918): App\Controllers\admin\Leads->addLeads()
#2 /opt/lampp/htdocs/SystemManager/vendor/codeigniter4/framework/system/CodeIgniter.php(404): CodeIgniter\CodeIgniter->runController(Object(App\Controllers\admin\Leads))
#3 /opt/lampp/htdocs/SystemManager/vendor/codeigniter4/framework/system/CodeIgniter.php(312): CodeIgniter\CodeIgniter->handleRequest(NULL, Object(Config\Cache), false)
#4 /opt/lampp/htdocs/SystemManager/public/index.php(45): CodeIgniter\CodeIgniter->run()
#5 {main}
CRITICAL - 2020-12-25 07:28:28 --> Undefined index: slm_user_id
#0 /opt/lampp/htdocs/SystemManager/app/Models/Leads_model.php(92): CodeIgniter\Debug\Exceptions->errorHandler(8, 'Undefined index...', '/opt/lampp/htdo...', 92, Array)
#1 /opt/lampp/htdocs/SystemManager/app/Controllers/admin/Leads.php(146): App\Models\Leads_model->deleteLead('1')
#2 /opt/lampp/htdocs/SystemManager/vendor/codeigniter4/framework/system/CodeIgniter.php(918): App\Controllers\admin\Leads->delete()
#3 /opt/lampp/htdocs/SystemManager/vendor/codeigniter4/framework/system/CodeIgniter.php(404): CodeIgniter\CodeIgniter->runController(Object(App\Controllers\admin\Leads))
#4 /opt/lampp/htdocs/SystemManager/vendor/codeigniter4/framework/system/CodeIgniter.php(312): CodeIgniter\CodeIgniter->handleRequest(NULL, Object(Config\Cache), false)
#5 /opt/lampp/htdocs/SystemManager/public/index.php(45): CodeIgniter\CodeIgniter->run()
#6 {main}
CRITICAL - 2020-12-25 23:35:11 --> Undefined index: slm_updated_at
#0 /opt/lampp/htdocs/SystemManager/app/Controllers/admin/Leads.php(106): CodeIgniter\Debug\Exceptions->errorHandler(8, 'Undefined index...', '/opt/lampp/htdo...', 106, Array)
#1 /opt/lampp/htdocs/SystemManager/vendor/codeigniter4/framework/system/CodeIgniter.php(918): App\Controllers\admin\Leads->listLeads()
#2 /opt/lampp/htdocs/SystemManager/vendor/codeigniter4/framework/system/CodeIgniter.php(404): CodeIgniter\CodeIgniter->runController(Object(App\Controllers\admin\Leads))
#3 /opt/lampp/htdocs/SystemManager/vendor/codeigniter4/framework/system/CodeIgniter.php(312): CodeIgniter\CodeIgniter->handleRequest(NULL, Object(Config\Cache), false)
#4 /opt/lampp/htdocs/SystemManager/public/index.php(45): CodeIgniter\CodeIgniter->run()
#5 {main}
